#
# There is insufficient memory for the Java Runtime Environment to continue.
# Native memory allocation (malloc) failed to allocate 32744 bytes for ChunkPool::allocate
# Possible reasons:
#   The system is out of physical RAM or swap space
#   The process is running with CompressedOops enabled, and the Java Heap may be blocking the growth of the native heap
# Possible solutions:
#   Reduce memory load on the system
#   Increase physical memory or swap space
#   Check if swap backing store is full
#   Decrease Java heap size (-Xmx/-Xms)
#   Decrease number of Java threads
#   Decrease Java thread stack sizes (-Xss)
#   Set larger code cache with -XX:ReservedCodeCacheSize=
#   JVM is running with Unscaled Compressed Oops mode in which the Java heap is
#     placed in the first 4GB address space. The Java Heap base address is the
#     maximum limit for the native heap growth. Please use -XX:HeapBaseMinAddress
#     to set the Java Heap base and to place the Java Heap above 4GB virtual address.
# This output file may be truncated or incomplete.
#
#  Out of Memory Error (arena.cpp:78), pid=2876, tid=2088
#
# JRE version: Java(TM) SE Runtime Environment (17.0.2+8) (build 17.0.2+8-LTS-86)
# Java VM: Java HotSpot(TM) 64-Bit Server VM (17.0.2+8-LTS-86, mixed mode, emulated-client, sharing, tiered, compressed oops, compressed class ptrs, g1 gc, windows-amd64)
# No core dump will be written. Minidumps are not enabled by default on client versions of Windows
#

---------------  S U M M A R Y ------------

Command Line: -agentlib:jdwp=transport=dt_socket,address=127.0.0.1:62214,suspend=y,server=n -XX:TieredStopAtLevel=1 -Dspring.output.ansi.enabled=always -Dcom.sun.management.jmxremote -Dspring.jmx.enabled=true -Dspring.liveBeansView.mbeanDomain -Dspring.application.admin.enabled=true -Dmanagement.endpoints.jmx.exposure.include=* -javaagent:C:\Users\Asus\AppData\Local\JetBrains\IntelliJIdea2023.2\captureAgent\debugger-agent.jar -Dfile.encoding=UTF-8 com.esprit.microservice.gestioncmmande.gestioncommande.GestioncommandeApplication

Host: Intel(R) Celeron(R) N4000 CPU @ 1.10GHz, 2 cores, 3G,  Windows 10 , 64 bit Build 15063 (10.0.15063.296)
Time: Mon Nov 27 11:21:00 2023 Afr. centrale Ouest elapsed time: 3.616789 seconds (0d 0h 0m 3s)

---------------  T H R E A D  ---------------

Current thread (0x000001875dc7ee40):  JavaThread "C1 CompilerThread1" daemon [_thread_in_native, id=2088, stack(0x00000082c4200000,0x00000082c4300000)]


Current CompileTask:
C1:   3616 1052       1       java.net.URLStreamHandler::parseURL (1201 bytes)

Stack: [0x00000082c4200000,0x00000082c4300000]
Native frames: (J=compiled Java code, j=interpreted, Vv=VM code, C=native code)
V  [jvm.dll+0x670baa]
V  [jvm.dll+0x7cfcb4]
V  [jvm.dll+0x7d145e]
V  [jvm.dll+0x7d1ac3]
V  [jvm.dll+0x242bc5]
V  [jvm.dll+0xaa7c0]
V  [jvm.dll+0xaab0c]
V  [jvm.dll+0x179a8f]
V  [jvm.dll+0x1785bb]
V  [jvm.dll+0x132833]
V  [jvm.dll+0x13212f]
V  [jvm.dll+0x132366]
V  [jvm.dll+0x1317fa]
V  [jvm.dll+0x1334c1]
V  [jvm.dll+0x224908]
V  [jvm.dll+0x222a6c]
V  [jvm.dll+0x7859bb]
V  [jvm.dll+0x77ff7a]
V  [jvm.dll+0x66fa35]
C  [ucrtbase.dll+0x20369]
C  [KERNEL32.DLL+0x12774]
C  [ntdll.dll+0x70d61]


---------------  P R O C E S S  ---------------

Threads class SMR info:
_java_thread_list=0x000001875e321350, length=16, elements={
0x000001874c5bb530, 0x000001874c663f60, 0x000001874c665de0, 0x000001874c674ea0,
0x000001874c675960, 0x000001874c678320, 0x000001874c678cd0, 0x000001874c679680,
0x000001875d06cf10, 0x000001875dc10350, 0x000001875dc766c0, 0x000001875dc79950,
0x000001875dc79e40, 0x000001875dc7ee40, 0x000001875dd36000, 0x000001875e3217e0
}

Java Threads: ( => current thread )
  0x000001874c5bb530 JavaThread "main" [_thread_in_vm, id=8868, stack(0x00000082c2c00000,0x00000082c2d00000)]
  0x000001874c663f60 JavaThread "Reference Handler" daemon [_thread_blocked, id=10900, stack(0x00000082c3300000,0x00000082c3400000)]
  0x000001874c665de0 JavaThread "Finalizer" daemon [_thread_blocked, id=10136, stack(0x00000082c3400000,0x00000082c3500000)]
  0x000001874c674ea0 JavaThread "Signal Dispatcher" daemon [_thread_blocked, id=10656, stack(0x00000082c3600000,0x00000082c3700000)]
  0x000001874c675960 JavaThread "Attach Listener" daemon [_thread_blocked, id=876, stack(0x00000082c3700000,0x00000082c3800000)]
  0x000001874c678320 JavaThread "Service Thread" daemon [_thread_blocked, id=8512, stack(0x00000082c3800000,0x00000082c3900000)]
  0x000001874c678cd0 JavaThread "Monitor Deflation Thread" daemon [_thread_blocked, id=6540, stack(0x00000082c3900000,0x00000082c3a00000)]
  0x000001874c679680 JavaThread "C1 CompilerThread0" daemon [_thread_blocked, id=7560, stack(0x00000082c3a00000,0x00000082c3b00000)]
  0x000001875d06cf10 JavaThread "Sweeper thread" daemon [_thread_blocked, id=4652, stack(0x00000082c3b00000,0x00000082c3c00000)]
  0x000001875dc10350 JavaThread "Common-Cleaner" daemon [_thread_blocked, id=11224, stack(0x00000082c3c00000,0x00000082c3d00000)]
  0x000001875dc766c0 JavaThread "JDWP Transport Listener: dt_socket" daemon [_thread_blocked, id=10768, stack(0x00000082c3d00000,0x00000082c3e00000)]
  0x000001875dc79950 JavaThread "JDWP Event Helper Thread" daemon [_thread_blocked, id=7200, stack(0x00000082c3e00000,0x00000082c3f00000)]
  0x000001875dc79e40 JavaThread "JDWP Command Reader" daemon [_thread_in_native, id=6420, stack(0x00000082c3f00000,0x00000082c4000000)]
=>0x000001875dc7ee40 JavaThread "C1 CompilerThread1" daemon [_thread_in_native, id=2088, stack(0x00000082c4200000,0x00000082c4300000)]
  0x000001875dd36000 JavaThread "Notification Thread" daemon [_thread_blocked, id=4012, stack(0x00000082c4300000,0x00000082c4400000)]
  0x000001875e3217e0 JavaThread "RMI TCP Accept-0" daemon [_thread_in_native, id=11220, stack(0x00000082c4500000,0x00000082c4600000)]

Other Threads:
  0x000001874c65d7a0 VMThread "VM Thread" [stack: 0x00000082c3200000,0x00000082c3300000] [id=6108]
  0x000001874c5bc4e0 WatcherThread [stack: 0x00000082c4600000,0x00000082c4700000] [id=2216]
  0x000001874c5d2f30 GCTaskThread "GC Thread#0" [stack: 0x00000082c2d00000,0x00000082c2e00000] [id=3488]
  0x000001875dee6150 GCTaskThread "GC Thread#1" [stack: 0x00000082c4400000,0x00000082c4500000] [id=6364]
  0x000001874c5f4f10 ConcurrentGCThread "G1 Main Marker" [stack: 0x00000082c2e00000,0x00000082c2f00000] [id=1148]
  0x000001874c5f5920 ConcurrentGCThread "G1 Conc#0" [stack: 0x00000082c2f00000,0x00000082c3000000] [id=4732]
  0x000001874c638bd0 ConcurrentGCThread "G1 Refine#0" [stack: 0x00000082c3000000,0x00000082c3100000] [id=10344]
  0x000001874c6395f0 ConcurrentGCThread "G1 Service" [stack: 0x00000082c3100000,0x00000082c3200000] [id=8380]

Threads with active compile tasks:
C1 CompilerThread1     3640 1052       1       java.net.URLStreamHandler::parseURL (1201 bytes)

VM state: not at safepoint (normal execution)

VM Mutex/Monitor currently owned by a thread: None

Heap address: 0x00000000c2c00000, size: 980 MB, Compressed Oops mode: 32-bit

CDS archive(s) mapped at: [0x0000000800000000-0x0000000800bc0000-0x0000000800bc0000), size 12320768, SharedBaseAddress: 0x0000000800000000, ArchiveRelocationMode: 0.
Compressed class space mapped at: 0x0000000800c00000-0x0000000840c00000, reserved size: 1073741824
Narrow klass base: 0x0000000800000000, Narrow klass shift: 0, Narrow klass range: 0x100000000

GC Precious Log:
 CPUs: 2 total, 2 available
 Memory: 3919M
 Large Page Support: Disabled
 NUMA Support: Disabled
 Compressed Oops: Enabled (32-bit)
 Heap Region Size: 1M
 Heap Min Capacity: 8M
 Heap Initial Capacity: 62M
 Heap Max Capacity: 980M
 Pre-touch: Disabled
 Parallel Workers: 2
 Concurrent Workers: 1
 Concurrent Refinement Workers: 2
 Periodic GC: Disabled

Heap:
 garbage-first heap   total 63488K, used 12104K [0x00000000c2c00000, 0x0000000100000000)
  region size 1024K, 5 young (5120K), 1 survivors (1024K)
 Metaspace       used 5577K, committed 5760K, reserved 1056768K
  class space    used 649K, committed 768K, reserved 1048576K

Heap Regions: E=young(eden), S=young(survivor), O=old, HS=humongous(starts), HC=humongous(continues), CS=collection set, F=free, OA=open archive, CA=closed archive, TAMS=top-at-mark-start (previous, next)
|   0|0x00000000c2c00000, 0x00000000c2d00000, 0x00000000c2d00000|100%|HS|  |TAMS 0x00000000c2c00000, 0x00000000c2c00000| Complete 
|   1|0x00000000c2d00000, 0x00000000c2e00000, 0x00000000c2e00000|100%|HS|  |TAMS 0x00000000c2d00000, 0x00000000c2d00000| Complete 
|   2|0x00000000c2e00000, 0x00000000c2f00000, 0x00000000c2f00000|100%| O|  |TAMS 0x00000000c2e00000, 0x00000000c2e00000| Untracked 
|   3|0x00000000c2f00000, 0x00000000c3000000, 0x00000000c3000000|100%| O|  |TAMS 0x00000000c2f00000, 0x00000000c2f00000| Untracked 
|   4|0x00000000c3000000, 0x00000000c3100000, 0x00000000c3100000|100%| O|  |TAMS 0x00000000c3000000, 0x00000000c3000000| Untracked 
|   5|0x00000000c3100000, 0x00000000c3200000, 0x00000000c3200000|100%| O|  |TAMS 0x00000000c3100000, 0x00000000c3100000| Untracked 
|   6|0x00000000c3200000, 0x00000000c3300000, 0x00000000c3300000|100%| O|  |TAMS 0x00000000c3200000, 0x00000000c3200000| Untracked 
|   7|0x00000000c3300000, 0x00000000c33d2000, 0x00000000c3400000| 82%| O|  |TAMS 0x00000000c3300000, 0x00000000c3300000| Untracked 
|   8|0x00000000c3400000, 0x00000000c3400000, 0x00000000c3500000|  0%| F|  |TAMS 0x00000000c3400000, 0x00000000c3400000| Untracked 
|   9|0x00000000c3500000, 0x00000000c3500000, 0x00000000c3600000|  0%| F|  |TAMS 0x00000000c3500000, 0x00000000c3500000| Untracked 
|  10|0x00000000c3600000, 0x00000000c3600000, 0x00000000c3700000|  0%| F|  |TAMS 0x00000000c3600000, 0x00000000c3600000| Untracked 
|  11|0x00000000c3700000, 0x00000000c3700000, 0x00000000c3800000|  0%| F|  |TAMS 0x00000000c3700000, 0x00000000c3700000| Untracked 
|  12|0x00000000c3800000, 0x00000000c3800000, 0x00000000c3900000|  0%| F|  |TAMS 0x00000000c3800000, 0x00000000c3800000| Untracked 
|  13|0x00000000c3900000, 0x00000000c3900000, 0x00000000c3a00000|  0%| F|  |TAMS 0x00000000c3900000, 0x00000000c3900000| Untracked 
|  14|0x00000000c3a00000, 0x00000000c3a00000, 0x00000000c3b00000|  0%| F|  |TAMS 0x00000000c3a00000, 0x00000000c3a00000| Untracked 
|  15|0x00000000c3b00000, 0x00000000c3b00000, 0x00000000c3c00000|  0%| F|  |TAMS 0x00000000c3b00000, 0x00000000c3b00000| Untracked 
|  16|0x00000000c3c00000, 0x00000000c3c00000, 0x00000000c3d00000|  0%| F|  |TAMS 0x00000000c3c00000, 0x00000000c3c00000| Untracked 
|  17|0x00000000c3d00000, 0x00000000c3d00000, 0x00000000c3e00000|  0%| F|  |TAMS 0x00000000c3d00000, 0x00000000c3d00000| Untracked 
|  18|0x00000000c3e00000, 0x00000000c3e00000, 0x00000000c3f00000|  0%| F|  |TAMS 0x00000000c3e00000, 0x00000000c3e00000| Untracked 
|  19|0x00000000c3f00000, 0x00000000c3f00000, 0x00000000c4000000|  0%| F|  |TAMS 0x00000000c3f00000, 0x00000000c3f00000| Untracked 
|  20|0x00000000c4000000, 0x00000000c4000000, 0x00000000c4100000|  0%| F|  |TAMS 0x00000000c4000000, 0x00000000c4000000| Untracked 
|  21|0x00000000c4100000, 0x00000000c4100000, 0x00000000c4200000|  0%| F|  |TAMS 0x00000000c4100000, 0x00000000c4100000| Untracked 
|  22|0x00000000c4200000, 0x00000000c4200000, 0x00000000c4300000|  0%| F|  |TAMS 0x00000000c4200000, 0x00000000c4200000| Untracked 
|  23|0x00000000c4300000, 0x00000000c4300000, 0x00000000c4400000|  0%| F|  |TAMS 0x00000000c4300000, 0x00000000c4300000| Untracked 
|  24|0x00000000c4400000, 0x00000000c4400000, 0x00000000c4500000|  0%| F|  |TAMS 0x00000000c4400000, 0x00000000c4400000| Untracked 
|  25|0x00000000c4500000, 0x00000000c4500000, 0x00000000c4600000|  0%| F|  |TAMS 0x00000000c4500000, 0x00000000c4500000| Untracked 
|  26|0x00000000c4600000, 0x00000000c4600000, 0x00000000c4700000|  0%| F|  |TAMS 0x00000000c4600000, 0x00000000c4600000| Untracked 
|  27|0x00000000c4700000, 0x00000000c4700000, 0x00000000c4800000|  0%| F|  |TAMS 0x00000000c4700000, 0x00000000c4700000| Untracked 
|  28|0x00000000c4800000, 0x00000000c4800000, 0x00000000c4900000|  0%| F|  |TAMS 0x00000000c4800000, 0x00000000c4800000| Untracked 
|  29|0x00000000c4900000, 0x00000000c4900000, 0x00000000c4a00000|  0%| F|  |TAMS 0x00000000c4900000, 0x00000000c4900000| Untracked 
|  30|0x00000000c4a00000, 0x00000000c4a00000, 0x00000000c4b00000|  0%| F|  |TAMS 0x00000000c4a00000, 0x00000000c4a00000| Untracked 
|  31|0x00000000c4b00000, 0x00000000c4b00000, 0x00000000c4c00000|  0%| F|  |TAMS 0x00000000c4b00000, 0x00000000c4b00000| Untracked 
|  32|0x00000000c4c00000, 0x00000000c4c00000, 0x00000000c4d00000|  0%| F|  |TAMS 0x00000000c4c00000, 0x00000000c4c00000| Untracked 
|  33|0x00000000c4d00000, 0x00000000c4d00000, 0x00000000c4e00000|  0%| F|  |TAMS 0x00000000c4d00000, 0x00000000c4d00000| Untracked 
|  34|0x00000000c4e00000, 0x00000000c4e00000, 0x00000000c4f00000|  0%| F|  |TAMS 0x00000000c4e00000, 0x00000000c4e00000| Untracked 
|  35|0x00000000c4f00000, 0x00000000c4f00000, 0x00000000c5000000|  0%| F|  |TAMS 0x00000000c4f00000, 0x00000000c4f00000| Untracked 
|  36|0x00000000c5000000, 0x00000000c5000000, 0x00000000c5100000|  0%| F|  |TAMS 0x00000000c5000000, 0x00000000c5000000| Untracked 
|  37|0x00000000c5100000, 0x00000000c5100000, 0x00000000c5200000|  0%| F|  |TAMS 0x00000000c5100000, 0x00000000c5100000| Untracked 
|  38|0x00000000c5200000, 0x00000000c5200000, 0x00000000c5300000|  0%| F|  |TAMS 0x00000000c5200000, 0x00000000c5200000| Untracked 
|  39|0x00000000c5300000, 0x00000000c5300000, 0x00000000c5400000|  0%| F|  |TAMS 0x00000000c5300000, 0x00000000c5300000| Untracked 
|  40|0x00000000c5400000, 0x00000000c5400000, 0x00000000c5500000|  0%| F|  |TAMS 0x00000000c5400000, 0x00000000c5400000| Untracked 
|  41|0x00000000c5500000, 0x00000000c5500000, 0x00000000c5600000|  0%| F|  |TAMS 0x00000000c5500000, 0x00000000c5500000| Untracked 
|  42|0x00000000c5600000, 0x00000000c5600000, 0x00000000c5700000|  0%| F|  |TAMS 0x00000000c5600000, 0x00000000c5600000| Untracked 
|  43|0x00000000c5700000, 0x00000000c5700000, 0x00000000c5800000|  0%| F|  |TAMS 0x00000000c5700000, 0x00000000c5700000| Untracked 
|  44|0x00000000c5800000, 0x00000000c5800000, 0x00000000c5900000|  0%| F|  |TAMS 0x00000000c5800000, 0x00000000c5800000| Untracked 
|  45|0x00000000c5900000, 0x00000000c5900000, 0x00000000c5a00000|  0%| F|  |TAMS 0x00000000c5900000, 0x00000000c5900000| Untracked 
|  46|0x00000000c5a00000, 0x00000000c5a00000, 0x00000000c5b00000|  0%| F|  |TAMS 0x00000000c5a00000, 0x00000000c5a00000| Untracked 
|  47|0x00000000c5b00000, 0x00000000c5b00000, 0x00000000c5c00000|  0%| F|  |TAMS 0x00000000c5b00000, 0x00000000c5b00000| Untracked 
|  48|0x00000000c5c00000, 0x00000000c5c00000, 0x00000000c5d00000|  0%| F|  |TAMS 0x00000000c5c00000, 0x00000000c5c00000| Untracked 
|  49|0x00000000c5d00000, 0x00000000c5d00000, 0x00000000c5e00000|  0%| F|  |TAMS 0x00000000c5d00000, 0x00000000c5d00000| Untracked 
|  50|0x00000000c5e00000, 0x00000000c5e00000, 0x00000000c5f00000|  0%| F|  |TAMS 0x00000000c5e00000, 0x00000000c5e00000| Untracked 
|  51|0x00000000c5f00000, 0x00000000c5f00000, 0x00000000c6000000|  0%| F|  |TAMS 0x00000000c5f00000, 0x00000000c5f00000| Untracked 
|  52|0x00000000c6000000, 0x00000000c6000000, 0x00000000c6100000|  0%| F|  |TAMS 0x00000000c6000000, 0x00000000c6000000| Untracked 
|  53|0x00000000c6100000, 0x00000000c6200000, 0x00000000c6200000|100%| S|CS|TAMS 0x00000000c6100000, 0x00000000c6100000| Complete 
|  54|0x00000000c6200000, 0x00000000c6200000, 0x00000000c6300000|  0%| F|  |TAMS 0x00000000c6200000, 0x00000000c6200000| Untracked 
|  55|0x00000000c6300000, 0x00000000c6300000, 0x00000000c6400000|  0%| F|  |TAMS 0x00000000c6300000, 0x00000000c6300000| Untracked 
|  56|0x00000000c6400000, 0x00000000c6400000, 0x00000000c6500000|  0%| F|  |TAMS 0x00000000c6400000, 0x00000000c6400000| Untracked 
|  57|0x00000000c6500000, 0x00000000c6500000, 0x00000000c6600000|  0%| F|  |TAMS 0x00000000c6500000, 0x00000000c6500000| Untracked 
|  58|0x00000000c6600000, 0x00000000c6681a68, 0x00000000c6700000| 50%| E|  |TAMS 0x00000000c6600000, 0x00000000c6600000| Complete 
|  59|0x00000000c6700000, 0x00000000c6800000, 0x00000000c6800000|100%| E|CS|TAMS 0x00000000c6700000, 0x00000000c6700000| Complete 
|  60|0x00000000c6800000, 0x00000000c6900000, 0x00000000c6900000|100%| E|CS|TAMS 0x00000000c6800000, 0x00000000c6800000| Complete 
|  61|0x00000000c6900000, 0x00000000c6a00000, 0x00000000c6a00000|100%| E|CS|TAMS 0x00000000c6900000, 0x00000000c6900000| Complete 

Card table byte_map: [0x0000018758a80000,0x0000018758c70000] _byte_map_base: 0x000001875846a000

Marking Bits (Prev, Next): (CMBitMap*) 0x000001874c5ecb60, (CMBitMap*) 0x000001874c5ecba0
 Prev Bits: [0x0000018758e60000, 0x0000018759db0000)
 Next Bits: [0x0000018759db0000, 0x000001875ad00000)

Polling page: 0x000001874c680000

Metaspace:

Usage:
  Non-class:      4.81 MB used.
      Class:    649.80 KB used.
       Both:      5.45 MB used.

Virtual space:
  Non-class space:        8.00 MB reserved,       4.88 MB ( 61%) committed,  1 nodes.
      Class space:        1.00 GB reserved,     768.00 KB ( <1%) committed,  1 nodes.
             Both:        1.01 GB reserved,       5.63 MB ( <1%) committed. 

Chunk freelists:
   Non-Class:  2.33 MB
       Class:  3.16 MB
        Both:  5.49 MB

MaxMetaspaceSize: unlimited
CompressedClassSpaceSize: 1.00 GB
Initial GC threshold: 21.00 MB
Current GC threshold: 21.00 MB
CDS: on
MetaspaceReclaimPolicy: balanced
 - commit_granule_bytes: 65536.
 - commit_granule_words: 8192.
 - virtual_space_node_default_size: 1048576.
 - enlarge_chunks_in_place: 1.
 - new_chunks_are_fully_committed: 0.
 - uncommit_free_chunks: 1.
 - use_allocation_guard: 0.
 - handle_deallocations: 1.


Internal statistics:

num_allocs_failed_limit: 0.
num_arena_births: 106.
num_arena_deaths: 0.
num_vsnodes_births: 2.
num_vsnodes_deaths: 0.
num_space_committed: 90.
num_space_uncommitted: 0.
num_chunks_returned_to_freelist: 0.
num_chunks_taken_from_freelist: 150.
num_chunk_merges: 0.
num_chunk_splits: 102.
num_chunks_enlarged: 67.
num_purges: 0.
num_inconsistent_stats: 0.

CodeCache: size=49152Kb used=3278Kb max_used=3278Kb free=45873Kb
 bounds [0x0000018755610000, 0x0000018755950000, 0x0000018758610000]
 total_blobs=1494 nmethods=1056 adapters=366
 compilation: enabled
              stopped_count=0, restarted_count=0
 full_count=0

Compilation events (20 events):
Event: 3.601 Thread 0x000001875dc7ee40 nmethod 1047 0x000001875593e210 code [0x000001875593e3c0, 0x000001875593e598]
Event: 3.601 Thread 0x000001874c679680 1048       1       jdk.internal.jimage.ImageStringsReader::stringFromByteBufferMatches (133 bytes)
Event: 3.601 Thread 0x000001875dc7ee40 1049       1       jdk.internal.jimage.ImageLocation::verifyName (161 bytes)
Event: 3.602 Thread 0x000001874c679680 nmethod 1048 0x000001875593e710 code [0x000001875593e940, 0x000001875593f048]
Event: 3.602 Thread 0x000001874c679680 1050       1       jdk.internal.jimage.ImageLocation::verify (218 bytes)
Event: 3.602 Thread 0x000001875dc7ee40 nmethod 1049 0x000001875593f690 code [0x000001875593f900, 0x0000018755940118]
Event: 3.603 Thread 0x000001875dc7ee40 1051       1       java.nio.Buffer::hasRemaining (17 bytes)
Event: 3.603 Thread 0x000001874c679680 nmethod 1050 0x0000018755940910 code [0x0000018755940b40, 0x00000187559412d8]
Event: 3.603 Thread 0x000001875dc7ee40 nmethod 1051 0x0000018755941710 code [0x00000187559418a0, 0x0000018755941978]
Event: 3.605 Thread 0x000001875dc7ee40 1052       1       java.net.URLStreamHandler::parseURL (1201 bytes)
Event: 3.606 Thread 0x000001874c679680 1053       1       java.lang.invoke.DirectMethodHandle::<init> (148 bytes)
Event: 3.607 Thread 0x000001874c679680 nmethod 1053 0x0000018755941a10 code [0x0000018755941c20, 0x0000018755942168]
Event: 3.609 Thread 0x000001874c679680 1054   !   1       java.util.zip.Inflater::needsInput (55 bytes)
Event: 3.609 Thread 0x000001874c679680 nmethod 1054 0x0000018755942490 code [0x0000018755942620, 0x0000018755942838]
Event: 3.609 Thread 0x000001874c679680 1055       1       java.util.zip.ZipFile$ZipFileInflaterInputStream::fill (80 bytes)
Event: 3.610 Thread 0x000001874c679680 nmethod 1055 0x0000018755942990 code [0x0000018755942b60, 0x0000018755942d68]
Event: 3.610 Thread 0x000001874c679680 1056   !   1       java.util.zip.Inflater::setInput (69 bytes)
Event: 3.610 Thread 0x000001874c679680 nmethod 1056 0x0000018755942f10 code [0x00000187559430c0, 0x00000187559433e8]
Event: 3.612 Thread 0x000001874c679680 1057       1       java.io.FilterInputStream::<init> (10 bytes)
Event: 3.612 Thread 0x000001874c679680 nmethod 1057 0x0000018755943590 code [0x0000018755943720, 0x0000018755943838]

GC Heap History (6 events):
Event: 2.543 GC heap before
{Heap before GC invocations=0 (full 0):
 garbage-first heap   total 63488K, used 7168K [0x00000000c2c00000, 0x0000000100000000)
  region size 1024K, 6 young (6144K), 0 survivors (0K)
 Metaspace       used 663K, committed 832K, reserved 1056768K
  class space    used 51K, committed 128K, reserved 1048576K
}
Event: 2.548 GC heap after
{Heap after GC invocations=1 (full 0):
 garbage-first heap   total 63488K, used 3591K [0x00000000c2c00000, 0x0000000100000000)
  region size 1024K, 1 young (1024K), 1 survivors (1024K)
 Metaspace       used 663K, committed 832K, reserved 1056768K
  class space    used 51K, committed 128K, reserved 1048576K
}
Event: 2.664 GC heap before
{Heap before GC invocations=1 (full 0):
 garbage-first heap   total 63488K, used 7687K [0x00000000c2c00000, 0x0000000100000000)
  region size 1024K, 5 young (5120K), 1 survivors (1024K)
 Metaspace       used 706K, committed 896K, reserved 1056768K
  class space    used 58K, committed 128K, reserved 1048576K
}
Event: 2.667 GC heap after
{Heap after GC invocations=2 (full 0):
 garbage-first heap   total 63488K, used 7935K [0x00000000c2c00000, 0x0000000100000000)
  region size 1024K, 1 young (1024K), 1 survivors (1024K)
 Metaspace       used 706K, committed 896K, reserved 1056768K
  class space    used 58K, committed 128K, reserved 1048576K
}
Event: 3.351 GC heap before
{Heap before GC invocations=2 (full 0):
 garbage-first heap   total 63488K, used 15103K [0x00000000c2c00000, 0x0000000100000000)
  region size 1024K, 8 young (8192K), 1 survivors (1024K)
 Metaspace       used 4560K, committed 4800K, reserved 1056768K
  class space    used 539K, committed 640K, reserved 1048576K
}
Event: 3.356 GC heap after
{Heap after GC invocations=3 (full 0):
 garbage-first heap   total 63488K, used 9032K [0x00000000c2c00000, 0x0000000100000000)
  region size 1024K, 1 young (1024K), 1 survivors (1024K)
 Metaspace       used 4560K, committed 4800K, reserved 1056768K
  class space    used 539K, committed 640K, reserved 1048576K
}

Deoptimization events (2 events):
Event: 2.640 Thread 0x000001874c5bb530 DEOPT PACKING pc=0x0000018755835f60 sp=0x00000082c2cfc760
Event: 2.640 Thread 0x000001874c5bb530 DEOPT UNPACKING pc=0x0000018755662b24 sp=0x00000082c2cfbcf0 mode 3

Classes unloaded (0 events):
No events

Classes redefined (0 events):
No events

Internal exceptions (15 events):
Event: 2.640 Thread 0x000001874c5bb530 Implicit null exception at 0x00000187558357da to 0x0000018755835f5b
Event: 2.690 Thread 0x000001874c5bb530 Exception <a 'java/lang/NoSuchMethodError'{0x00000000c6935478}: 'java.lang.Object java.lang.invoke.DirectMethodHandle$Holder.invokeStaticInit(java.lang.Object)'> (0x00000000c6935478) 
thrown [t:\workspace\open\src\hotspot\share\interpreter\linkResolver.cpp, line 766]
Event: 2.739 Thread 0x000001874c5bb530 Exception <a 'java/lang/NoSuchMethodError'{0x00000000c69d5220}: 'int java.lang.invoke.DirectMethodHandle$Holder.invokeInterface(java.lang.Object, java.lang.Object)'> (0x00000000c69d5220) 
thrown [t:\workspace\open\src\hotspot\share\interpreter\linkResolver.cpp, line 766]
Event: 2.740 Thread 0x000001874c5bb530 Exception <a 'java/lang/IncompatibleClassChangeError'{0x00000000c69d8820}: Found class java.lang.Object, but interface was expected> (0x00000000c69d8820) 
thrown [t:\workspace\open\src\hotspot\share\interpreter\linkResolver.cpp, line 833]
Event: 2.744 Thread 0x000001874c5bb530 Exception <a 'java/lang/NoSuchMethodError'{0x00000000c69debb0}: 'void java.lang.invoke.DirectMethodHandle$Holder.invokeStatic(java.lang.Object, java.lang.Object)'> (0x00000000c69debb0) 
thrown [t:\workspace\open\src\hotspot\share\interpreter\linkResolver.cpp, line 766]
Event: 2.888 Thread 0x000001874c5bb530 Exception <a 'java/lang/NoSuchMethodError'{0x00000000c675ac60}: 'int java.lang.invoke.DirectMethodHandle$Holder.invokeSpecial(java.lang.Object, java.lang.Object, java.lang.Object)'> (0x00000000c675ac60) 
thrown [t:\workspace\open\src\hotspot\share\interpreter\linkResolver.cpp, line 766]
Event: 3.095 Thread 0x000001874c5bb530 Exception <a 'java/lang/NoSuchMethodError'{0x00000000c66f62b0}: 'void java.lang.invoke.DirectMethodHandle$Holder.invokeStatic(java.lang.Object, java.lang.Object, java.lang.Object)'> (0x00000000c66f62b0) 
thrown [t:\workspace\open\src\hotspot\share\interpreter\linkResolver.cpp, line 766]
Event: 3.120 Thread 0x000001874c5bb530 Exception <a 'java/lang/NoSuchMethodError'{0x00000000c6459c00}: 'int java.lang.invoke.DirectMethodHandle$Holder.invokeSpecialIFC(java.lang.Object, java.lang.Object, java.lang.Object)'> (0x00000000c6459c00) 
thrown [t:\workspace\open\src\hotspot\share\interpreter\linkResolver.cpp, line 766]
Event: 3.187 Thread 0x000001874c5bb530 Exception <a 'java/lang/NoSuchMethodError'{0x00000000c6334ea8}: 'java.lang.Object java.lang.invoke.DirectMethodHandle$Holder.invokeStaticInit(java.lang.Object, int, int, int, int)'> (0x00000000c6334ea8) 
thrown [t:\workspace\open\src\hotspot\share\interpreter\linkResolver.cpp, line 766]
Event: 3.253 Thread 0x000001874c5bb530 Exception <a 'java/lang/NoSuchMethodError'{0x00000000c63bec20}: 'java.lang.Object java.lang.invoke.DirectMethodHandle$Holder.invokeStaticInit(java.lang.Object, java.lang.Object, int, int, int, int)'> (0x00000000c63bec20) 
thrown [t:\workspace\open\src\hotspot\share\interpreter\linkResolver.cpp, line 766]
Event: 3.279 Thread 0x000001874c5bb530 Exception <a 'java/lang/ClassNotFoundException'{0x00000000c63ff9b8}: javax/management/remote/rmi/RMIServerImpl_Skel> (0x00000000c63ff9b8) 
thrown [t:\workspace\open\src\hotspot\share\classfile\systemDictionary.cpp, line 256]
Event: 3.558 Thread 0x000001874c5bb530 Exception <a 'java/lang/NoSuchMethodError'{0x00000000c67653e0}: 'java.lang.Object java.lang.invoke.DirectMethodHandle$Holder.invokeSpecial(java.lang.Object, java.lang.Object, java.lang.Object, long, java.lang.Object)'> (0x00000000c67653e0) 
thrown [t:\workspace\open\src\hotspot\share\interpreter\linkResolver.cpp, line 766]
Event: 3.558 Thread 0x000001874c5bb530 Exception <a 'java/lang/NoSuchMethodError'{0x00000000c6768fb0}: 'java.lang.Object java.lang.invoke.Invokers$Holder.linkToTargetMethod(java.lang.Object, long, java.lang.Object, java.lang.Object)'> (0x00000000c6768fb0) 
thrown [t:\workspace\open\src\hotspot\share\interpreter\linkResolver.cpp, line 766]
Event: 3.589 Thread 0x000001874c5bb530 Exception <a 'java/lang/ClassNotFoundException'{0x00000000c67bb760}: javax/smartcardio/CardPermission> (0x00000000c67bb760) 
thrown [t:\workspace\open\src\hotspot\share\classfile\systemDictionary.cpp, line 256]
Event: 3.595 Thread 0x000001874c5bb530 Exception <a 'java/io/FileNotFoundException'{0x00000000c67cc010}> (0x00000000c67cc010) 
thrown [t:\workspace\open\src\hotspot\share\prims\jni.cpp, line 516]

VM Operations (20 events):
Event: 2.658 Executing VM operation: HandshakeAllThreads
Event: 2.658 Executing VM operation: HandshakeAllThreads done
Event: 2.664 Executing VM operation: G1CollectForAllocation
Event: 2.667 Executing VM operation: G1CollectForAllocation done
Event: 2.758 Executing VM operation: HandshakeAllThreads
Event: 2.758 Executing VM operation: HandshakeAllThreads done
Event: 2.761 Executing VM operation: HandshakeAllThreads
Event: 2.761 Executing VM operation: HandshakeAllThreads done
Event: 3.144 Executing VM operation: HandshakeAllThreads
Event: 3.144 Executing VM operation: HandshakeAllThreads done
Event: 3.159 Executing VM operation: HandshakeAllThreads
Event: 3.159 Executing VM operation: HandshakeAllThreads done
Event: 3.278 Executing VM operation: HandshakeAllThreads
Event: 3.278 Executing VM operation: HandshakeAllThreads done
Event: 3.351 Executing VM operation: G1CollectForAllocation
Event: 3.356 Executing VM operation: G1CollectForAllocation done
Event: 3.457 Executing VM operation: HandshakeAllThreads
Event: 3.457 Executing VM operation: HandshakeAllThreads done
Event: 3.469 Executing VM operation: HandshakeAllThreads
Event: 3.469 Executing VM operation: HandshakeAllThreads done

Events (20 events):
Event: 3.599 loading class java/security/AccessControlException
Event: 3.599 loading class java/security/AccessControlException done
Event: 3.603 loading class ch/qos/logback/classic/util/DefaultJoranConfigurator
Event: 3.603 loading class ch/qos/logback/classic/util/DefaultJoranConfigurator done
Event: 3.608 loading class ch/qos/logback/classic/BasicConfigurator
Event: 3.608 loading class ch/qos/logback/classic/BasicConfigurator done
Event: 3.608 loading class ch/qos/logback/core/Layout
Event: 3.608 loading class ch/qos/logback/core/Layout done
Event: 3.611 loading class ch/qos/logback/core/encoder/Encoder
Event: 3.611 loading class ch/qos/logback/core/encoder/Encoder done
Event: 3.611 loading class ch/qos/logback/core/Appender
Event: 3.611 loading class ch/qos/logback/core/Appender done
Event: 3.611 loading class ch/qos/logback/core/spi/FilterAttachable
Event: 3.611 loading class ch/qos/logback/core/spi/FilterAttachable done
Event: 3.612 loading class ch/qos/logback/core/ConsoleAppender
Event: 3.612 loading class ch/qos/logback/core/ConsoleAppender done
Event: 3.613 loading class ch/qos/logback/core/OutputStreamAppender
Event: 3.613 loading class ch/qos/logback/core/OutputStreamAppender done
Event: 3.613 loading class ch/qos/logback/core/UnsynchronizedAppenderBase
Event: 3.613 loading class ch/qos/logback/core/UnsynchronizedAppenderBase done


Dynamic libraries:
0x00007ff7369c0000 - 0x00007ff7369d0000 	C:\Program Files\Java\jdk-17.0.2\bin\java.exe
0x00007ffecbc10000 - 0x00007ffecbdeb000 	C:\Windows\SYSTEM32\ntdll.dll
0x00007ffec9470000 - 0x00007ffec951e000 	C:\Windows\System32\KERNEL32.DLL
0x00007ffec89f0000 - 0x00007ffec8c39000 	C:\Windows\System32\KERNELBASE.dll
0x00007ffec8c40000 - 0x00007ffec8d36000 	C:\Windows\System32\ucrtbase.dll
0x00007ffeb0e00000 - 0x00007ffeb0e1a000 	C:\Program Files\Java\jdk-17.0.2\bin\VCRUNTIME140.dll
0x00007ffeb11a0000 - 0x00007ffeb11b8000 	C:\Program Files\Java\jdk-17.0.2\bin\jli.dll
0x00007ffec9220000 - 0x00007ffec92c1000 	C:\Windows\System32\ADVAPI32.dll
0x00007ffec92d0000 - 0x00007ffec936d000 	C:\Windows\System32\msvcrt.dll
0x00007ffecb670000 - 0x00007ffecb6c9000 	C:\Windows\System32\sechost.dll
0x00007ffec9520000 - 0x00007ffec9645000 	C:\Windows\System32\RPCRT4.dll
0x00007ffec9650000 - 0x00007ffec979a000 	C:\Windows\System32\USER32.dll
0x00007ffec8d40000 - 0x00007ffec8d5e000 	C:\Windows\System32\win32u.dll
0x00007ffecb790000 - 0x00007ffecb7b7000 	C:\Windows\System32\GDI32.dll
0x00007ffec8e10000 - 0x00007ffec8f99000 	C:\Windows\System32\gdi32full.dll
0x00007ffec8130000 - 0x00007ffec81ca000 	C:\Windows\System32\msvcp_win.dll
0x00007ffeb3760000 - 0x00007ffeb39c7000 	C:\Windows\WinSxS\amd64_microsoft.windows.common-controls_6595b64144ccf1df_6.0.15063.0_none_108e4f62dfe5d999\COMCTL32.dll
0x00007ffecb910000 - 0x00007ffecbc09000 	C:\Windows\System32\combase.dll
0x00007ffec8980000 - 0x00007ffec89ea000 	C:\Windows\System32\bcryptPrimitives.dll
0x00007ffec3290000 - 0x00007ffec329a000 	C:\Windows\SYSTEM32\VERSION.dll
0x00007ffecb560000 - 0x00007ffecb58d000 	C:\Windows\System32\IMM32.DLL
0x00007ffeb8a30000 - 0x00007ffeb8a3c000 	C:\Program Files\Java\jdk-17.0.2\bin\vcruntime140_1.dll
0x00007ffe9de90000 - 0x00007ffe9df1d000 	C:\Program Files\Java\jdk-17.0.2\bin\msvcp140.dll
0x00007ffe78750000 - 0x00007ffe79311000 	C:\Program Files\Java\jdk-17.0.2\bin\server\jvm.dll
0x00007ffecb260000 - 0x00007ffecb268000 	C:\Windows\System32\PSAPI.DLL
0x00007ffec3e20000 - 0x00007ffec3e29000 	C:\Windows\SYSTEM32\WSOCK32.dll
0x00007ffec6630000 - 0x00007ffec6653000 	C:\Windows\SYSTEM32\WINMM.dll
0x00007ffecb1f0000 - 0x00007ffecb25c000 	C:\Windows\System32\WS2_32.dll
0x00007ffec65d0000 - 0x00007ffec65fb000 	C:\Windows\SYSTEM32\WINMMBASE.dll
0x00007ffec88d0000 - 0x00007ffec8919000 	C:\Windows\System32\cfgmgr32.dll
0x00007ffec80a0000 - 0x00007ffec80b1000 	C:\Windows\System32\kernel.appcore.dll
0x00007ffeb7b10000 - 0x00007ffeb7b1a000 	C:\Program Files\Java\jdk-17.0.2\bin\jimage.dll
0x00007ffec42d0000 - 0x00007ffec4479000 	C:\Windows\SYSTEM32\DBGHELP.DLL
0x00007ffeb7ee0000 - 0x00007ffeb7f09000 	C:\Windows\SYSTEM32\dbgcore.DLL
0x00007ffea0cc0000 - 0x00007ffea0cfb000 	C:\Program Files\Java\jdk-17.0.2\bin\jdwp.dll
0x00007ffebfdf0000 - 0x00007ffebfdfe000 	C:\Program Files\Java\jdk-17.0.2\bin\instrument.dll
0x00007ffeb0270000 - 0x00007ffeb0295000 	C:\Program Files\Java\jdk-17.0.2\bin\java.dll
0x00007ffeaaa40000 - 0x00007ffeaaa58000 	C:\Program Files\Java\jdk-17.0.2\bin\zip.dll
0x00007ffe9c1c0000 - 0x00007ffe9c296000 	C:\Program Files\Java\jdk-17.0.2\bin\jsvml.dll
0x00007ffec97a0000 - 0x00007ffecabd7000 	C:\Windows\System32\SHELL32.dll
0x00007ffec9170000 - 0x00007ffec921a000 	C:\Windows\System32\shcore.dll
0x00007ffec81d0000 - 0x00007ffec88c2000 	C:\Windows\System32\windows.storage.dll
0x00007ffec9410000 - 0x00007ffec9461000 	C:\Windows\System32\shlwapi.dll
0x00007ffec80c0000 - 0x00007ffec810c000 	C:\Windows\System32\powrprof.dll
0x00007ffec8110000 - 0x00007ffec8125000 	C:\Windows\System32\profapi.dll
0x00007ffeb0bd0000 - 0x00007ffeb0bdc000 	C:\Program Files\Java\jdk-17.0.2\bin\dt_socket.dll
0x00007ffec76d0000 - 0x00007ffec7707000 	C:\Windows\SYSTEM32\IPHLPAPI.DLL
0x00007ffec7930000 - 0x00007ffec798c000 	C:\Windows\system32\mswsock.dll
0x00007ffeb0ab0000 - 0x00007ffeb0ac9000 	C:\Program Files\Java\jdk-17.0.2\bin\net.dll
0x00007ffeb9d30000 - 0x00007ffeb9e07000 	C:\Windows\SYSTEM32\WINHTTP.dll
0x00007ffeb08b0000 - 0x00007ffeb08c6000 	C:\Program Files\Java\jdk-17.0.2\bin\nio.dll
0x00007ffec7710000 - 0x00007ffec77b4000 	C:\Windows\SYSTEM32\DNSAPI.dll
0x00007ffecb270000 - 0x00007ffecb278000 	C:\Windows\System32\NSI.dll
0x00007ffeb8930000 - 0x00007ffeb893a000 	C:\Windows\System32\rasadhlp.dll
0x00007ffec1930000 - 0x00007ffec199b000 	C:\Windows\System32\fwpuclnt.dll
0x00007ffec7f50000 - 0x00007ffec7f75000 	C:\Windows\SYSTEM32\bcrypt.dll
0x00007ffeb02a0000 - 0x00007ffeb02a9000 	C:\Program Files\Java\jdk-17.0.2\bin\management.dll
0x00007ffeafdb0000 - 0x00007ffeafdbb000 	C:\Program Files\Java\jdk-17.0.2\bin\management_ext.dll
0x00007ffec7ad0000 - 0x00007ffec7ae7000 	C:\Windows\SYSTEM32\CRYPTSP.dll
0x00007ffec7550000 - 0x00007ffec7584000 	C:\Windows\system32\rsaenh.dll
0x00007ffec7f80000 - 0x00007ffec7fa9000 	C:\Windows\SYSTEM32\USERENV.dll
0x00007ffec7af0000 - 0x00007ffec7afb000 	C:\Windows\SYSTEM32\CRYPTBASE.dll
0x00007ffec1c20000 - 0x00007ffec1c36000 	C:\Windows\SYSTEM32\dhcpcsvc6.DLL
0x00007ffec1d60000 - 0x00007ffec1d7a000 	C:\Windows\SYSTEM32\dhcpcsvc.DLL
0x00007ffeb20d0000 - 0x00007ffeb20e6000 	C:\Windows\system32\napinsp.dll
0x00007ffeb1ef0000 - 0x00007ffeb1f0a000 	C:\Windows\system32\pnrpnsp.dll
0x00007ffec4e20000 - 0x00007ffec4e38000 	C:\Windows\system32\NLAapi.dll
0x00007ffeb76d0000 - 0x00007ffeb76de000 	C:\Windows\System32\winrnr.dll
0x00007ffeb1cc0000 - 0x00007ffeb1cd5000 	C:\Windows\System32\wshbth.dll

dbghelp: loaded successfully - version: 4.0.5 - missing functions: none
symbol engine: initialized successfully - sym options: 0x614 - pdb path: .;C:\Program Files\Java\jdk-17.0.2\bin;C:\Windows\SYSTEM32;C:\Windows\WinSxS\amd64_microsoft.windows.common-controls_6595b64144ccf1df_6.0.15063.0_none_108e4f62dfe5d999;C:\Program Files\Java\jdk-17.0.2\bin\server

VM Arguments:
jvm_args: -agentlib:jdwp=transport=dt_socket,address=127.0.0.1:62214,suspend=y,server=n -XX:TieredStopAtLevel=1 -Dspring.output.ansi.enabled=always -Dcom.sun.management.jmxremote -Dspring.jmx.enabled=true -Dspring.liveBeansView.mbeanDomain -Dspring.application.admin.enabled=true -Dmanagement.endpoints.jmx.exposure.include=* -javaagent:C:\Users\Asus\AppData\Local\JetBrains\IntelliJIdea2023.2\captureAgent\debugger-agent.jar -Dfile.encoding=UTF-8 
java_command: com.esprit.microservice.gestioncmmande.gestioncommande.GestioncommandeApplication
java_class_path (initial): C:\Users\Asus\Desktop\4eme\S1\Appwebdistr\gestioncommande\target\classes;C:\Users\Asus\.m2\repository\org\springframework\cloud\spring-cloud-starter-bootstrap\4.0.4\spring-cloud-starter-bootstrap-4.0.4.jar;C:\Users\Asus\.m2\repository\org\springframework\cloud\spring-cloud-starter\4.0.4\spring-cloud-starter-4.0.4.jar;C:\Users\Asus\.m2\repository\org\springframework\cloud\spring-cloud-context\4.0.4\spring-cloud-context-4.0.4.jar;C:\Users\Asus\.m2\repository\org\springframework\security\spring-security-crypto\6.1.5\spring-security-crypto-6.1.5.jar;C:\Users\Asus\.m2\repository\org\springframework\cloud\spring-cloud-commons\4.0.4\spring-cloud-commons-4.0.4.jar;C:\Users\Asus\.m2\repository\org\springframework\security\spring-security-rsa\1.0.12.RELEASE\spring-security-rsa-1.0.12.RELEASE.jar;C:\Users\Asus\.m2\repository\org\bouncycastle\bcpkix-jdk18on\1.73\bcpkix-jdk18on-1.73.jar;C:\Users\Asus\.m2\repository\org\bouncycastle\bcprov-jdk18on\1.73\bcprov-jdk18on-1.73.jar;C:\Users\Asus\.m2\repository\org\bouncycastle\bcutil-jdk18on\1.73\bcutil-jdk18on-1.73.jar;C:\Users\Asus\.m2\repository\org\springframework\boot\spring-boot-starter-actuator\3.1.5\spring-boot-starter-actuator-3.1.5.jar;C:\Users\Asus\.m2\repository\org\springframework\boot\spring-boot-starter\3.1.5\spring-boot-starter-3.1.5.jar;C:\Users\Asus\.m2\repository\org\springframework\boot\spring-boot\3.1.5\spring-boot-3.1.5.jar;C:\Users\Asus\.m2\repository\org\springframework\boot\spring-boot-autoconfigure\3.1.5\spring-boot-autoconfigure-3.1.5.jar;C:\Users\Asus\.m2\repository\org\springframework\boot\spring-boot-starter-logging\3.1.5\spring-boot-starter-logging-3.1.5.jar;C:\Users\Asus\.m2\repository\ch\qos\logback\logback-classic\1.4.11\logback-classic-1.4.11.jar;C:\Users\Asus\.m2\repository\ch\qos\logback\logback-core\1.4.11\logback-core-1.4.11.jar;C:\Users\Asus\.m2\repository\org\apache\logging\log4j\log4j-to-slf4j\2.20.0\log4j-to-slf4j-2.20.0.jar;C:\Users\Asus\.m2\repository\org\apache\
Launcher Type: SUN_STANDARD

[Global flags]
     intx CICompilerCount                          = 2                                         {product} {ergonomic}
     uint ConcGCThreads                            = 1                                         {product} {ergonomic}
     uint G1ConcRefinementThreads                  = 2                                         {product} {ergonomic}
   size_t G1HeapRegionSize                         = 1048576                                   {product} {ergonomic}
    uintx GCDrainStackTargetSize                   = 64                                        {product} {ergonomic}
   size_t InitialHeapSize                          = 65011712                                  {product} {ergonomic}
     bool ManagementServer                         = true                                      {product} {command line}
   size_t MarkStackSize                            = 4194304                                   {product} {ergonomic}
   size_t MaxHeapSize                              = 1027604480                                {product} {ergonomic}
   size_t MaxNewSize                               = 616562688                                 {product} {ergonomic}
   size_t MinHeapDeltaBytes                        = 1048576                                   {product} {ergonomic}
   size_t MinHeapSize                              = 8388608                                   {product} {ergonomic}
    uintx NonProfiledCodeHeapSize                  = 0                                      {pd product} {ergonomic}
     bool ProfileInterpreter                       = false                                  {pd product} {command line}
    uintx ProfiledCodeHeapSize                     = 0                                      {pd product} {ergonomic}
   size_t SoftMaxHeapSize                          = 1027604480                             {manageable} {ergonomic}
     intx TieredStopAtLevel                        = 1                                         {product} {command line}
     bool UseCompressedClassPointers               = true                           {product lp64_product} {ergonomic}
     bool UseCompressedOops                        = true                           {product lp64_product} {ergonomic}
     bool UseG1GC                                  = true                                      {product} {ergonomic}
     bool UseLargePagesIndividualAllocation        = false                                  {pd product} {ergonomic}

Logging:
Log output configuration:
 #0: stdout all=warning uptime,level,tags
 #1: stderr all=off uptime,level,tags

Environment Variables:
JAVA_HOME=C:\Program Files\Java\jdk-17.0.2
PATH=C:\Program Files\Common Files\Oracle\Java\javapath;C:\oraclexe\app\oracle\product\11.2.0\server\bin;C:\Windows\system32;C:\Windows;C:\Windows\System32\Wbem;C:\Windows\System32\WindowsPowerShell\v1.0\;C:\Program Files\Java\jdk-17.0.2\bin;C:\Program Files\Git\cmd;C:\Users\Asus\AppData\Roaming\nvm;C:\Program Files\nodejs;C:\Program Files\nodejs\;C:\Users\Asus\AppData\Local\Microsoft\WindowsApps;C:\Users\Asus\AppData\Local\Programs\Microsoft VS Code\bin;C:\Program Files\MongoDB\Server\4.0\bin;C:\Users\Asus\AppData\Roaming\nvm;C:\Program Files\nodejs;C:\Users\Asus\AppData\Roaming\npm
USERNAME=Asus
OS=Windows_NT
PROCESSOR_IDENTIFIER=Intel64 Family 6 Model 122 Stepping 1, GenuineIntel



---------------  S Y S T E M  ---------------

OS:
 Windows 10 , 64 bit Build 15063 (10.0.15063.296)
OS uptime: 0 days 18:16 hours

CPU: total 2 (initial active 2) (2 cores per cpu, 1 threads per core) family 6 model 122 stepping 1 microcode 0x32, cx8, cmov, fxsr, mmx, 3dnowpref, sse, sse2, sse3, ssse3, sse4.1, sse4.2, popcnt, tsc, tscinvbit, aes, erms, clmul, sha, clflush, clflushopt

Memory: 4k page, system-wide physical 3919M (795M free)
TotalPageFile size 8184M (AvailPageFile size 1M)
current process WorkingSet (physical memory assigned to process): 62M, peak: 62M
current process commit charge ("private bytes"): 138M, peak: 138M

vm_info: Java HotSpot(TM) 64-Bit Server VM (17.0.2+8-LTS-86) for windows-amd64 JRE (17.0.2+8-LTS-86), built on Dec  7 2021 21:51:03 by "mach5one" with MS VC++ 16.8 / 16.9 (VS2019)

END.
