#
# There is insufficient memory for the Java Runtime Environment to continue.
# Native memory allocation (mmap) failed to map 65536 bytes for Failed to commit metaspace.
# Possible reasons:
#   The system is out of physical RAM or swap space
#   The process is running with CompressedOops enabled, and the Java Heap may be blocking the growth of the native heap
# Possible solutions:
#   Reduce memory load on the system
#   Increase physical memory or swap space
#   Check if swap backing store is full
#   Decrease Java heap size (-Xmx/-Xms)
#   Decrease number of Java threads
#   Decrease Java thread stack sizes (-Xss)
#   Set larger code cache with -XX:ReservedCodeCacheSize=
#   JVM is running with Unscaled Compressed Oops mode in which the Java heap is
#     placed in the first 4GB address space. The Java Heap base address is the
#     maximum limit for the native heap growth. Please use -XX:HeapBaseMinAddress
#     to set the Java Heap base and to place the Java Heap above 4GB virtual address.
# This output file may be truncated or incomplete.
#
#  Out of Memory Error (virtualSpaceNode.cpp:110), pid=4424, tid=3712
#
# JRE version: Java(TM) SE Runtime Environment (17.0.2+8) (build 17.0.2+8-LTS-86)
# Java VM: Java HotSpot(TM) 64-Bit Server VM (17.0.2+8-LTS-86, mixed mode, emulated-client, sharing, tiered, compressed oops, compressed class ptrs, g1 gc, windows-amd64)
# No core dump will be written. Minidumps are not enabled by default on client versions of Windows
#

---------------  S U M M A R Y ------------

Command Line: -XX:TieredStopAtLevel=1 -Dspring.output.ansi.enabled=always -Dcom.sun.management.jmxremote -Dspring.jmx.enabled=true -Dspring.liveBeansView.mbeanDomain -Dspring.application.admin.enabled=true -Dmanagement.endpoints.jmx.exposure.include=* -javaagent:C:\Program Files\JetBrains\IntelliJ IDEA 2023.2.2\lib\idea_rt.jar=62200:C:\Program Files\JetBrains\IntelliJ IDEA 2023.2.2\bin -Dfile.encoding=UTF-8 com.esprit.microservice.gestioncmmande.gestioncommande.GestioncommandeApplication

Host: Intel(R) Celeron(R) N4000 CPU @ 1.10GHz, 2 cores, 3G,  Windows 10 , 64 bit Build 15063 (10.0.15063.296)
Time: Mon Nov 27 11:19:44 2023 Afr. centrale Ouest elapsed time: 5.727879 seconds (0d 0h 0m 5s)

---------------  T H R E A D  ---------------

Current thread (0x000002208839d0c0):  JavaThread "main" [_thread_in_vm, id=3712, stack(0x000000473b800000,0x000000473b900000)]

Stack: [0x000000473b800000,0x000000473b900000]
Native frames: (J=compiled Java code, j=interpreted, Vv=VM code, C=native code)
V  [jvm.dll+0x670baa]
V  [jvm.dll+0x7cfcb4]
V  [jvm.dll+0x7d145e]
V  [jvm.dll+0x7d1ac3]
V  [jvm.dll+0x242bc5]
V  [jvm.dll+0x7cbc5b]
V  [jvm.dll+0x616966]
V  [jvm.dll+0x1be3ee]
V  [jvm.dll+0x6192a1]
V  [jvm.dll+0x617306]
V  [jvm.dll+0x2385a0]
V  [jvm.dll+0x1e880d]
V  [jvm.dll+0x1de251]
V  [jvm.dll+0x537c30]
V  [jvm.dll+0x74ad28]
V  [jvm.dll+0x74ae14]
V  [jvm.dll+0x408cc5]
V  [jvm.dll+0x40ed18]
C  [java.dll+0x17ec]

Java frames: (J=compiled Java code, j=interpreted, Vv=VM code)
J 1174  java.lang.ClassLoader.defineClass1(Ljava/lang/ClassLoader;Ljava/lang/String;[BIILjava/security/ProtectionDomain;Ljava/lang/String;)Ljava/lang/Class; java.base@17.0.2 (0 bytes) @ 0x000002208ff2c563 [0x000002208ff2c4a0+0x00000000000000c3]
J 1197 c1 java.lang.ClassLoader.defineClass(Ljava/lang/String;[BIILjava/security/ProtectionDomain;)Ljava/lang/Class; java.base@17.0.2 (43 bytes) @ 0x000002208ff36cdc [0x000002208ff36be0+0x00000000000000fc]
J 1186 c1 jdk.internal.loader.BuiltinClassLoader.defineClass(Ljava/lang/String;Ljdk/internal/loader/Resource;)Ljava/lang/Class; java.base@17.0.2 (121 bytes) @ 0x000002208ff31a64 [0x000002208ff315a0+0x00000000000004c4]
J 1172 c1 jdk.internal.loader.BuiltinClassLoader.findClassOnClassPathOrNull(Ljava/lang/String;)Ljava/lang/Class; java.base@17.0.2 (64 bytes) @ 0x000002208ff2bab4 [0x000002208ff2b800+0x00000000000002b4]
J 957 c1 jdk.internal.loader.BuiltinClassLoader.loadClassOrNull(Ljava/lang/String;Z)Ljava/lang/Class; java.base@17.0.2 (143 bytes) @ 0x000002208fec6bdc [0x000002208fec6780+0x000000000000045c]
J 1088 c1 jdk.internal.loader.ClassLoaders$AppClassLoader.loadClass(Ljava/lang/String;Z)Ljava/lang/Class; java.base@17.0.2 (40 bytes) @ 0x000002208ff06024 [0x000002208ff05ee0+0x0000000000000144]
J 1081 c1 java.lang.ClassLoader.loadClass(Ljava/lang/String;)Ljava/lang/Class; java.base@17.0.2 (7 bytes) @ 0x000002208ff03a64 [0x000002208ff03a20+0x0000000000000044]
v  ~StubRoutines::call_stub
j  ch.qos.logback.classic.PatternLayout.<clinit>()V+29
v  ~StubRoutines::call_stub
j  ch.qos.logback.classic.encoder.PatternLayoutEncoder.start()V+0
j  org.springframework.boot.logging.logback.LogbackConfigurator.start(Lch/qos/logback/core/spi/LifeCycle;)V+23
j  org.springframework.boot.logging.logback.DefaultLogbackConfiguration.consoleAppender(Lorg/springframework/boot/logging/logback/LogbackConfigurator;)Lch/qos/logback/core/Appender;+72
j  org.springframework.boot.logging.logback.DefaultLogbackConfiguration.apply(Lorg/springframework/boot/logging/logback/LogbackConfigurator;)V+14
j  org.springframework.boot.logging.logback.LogbackLoggingSystem.lambda$loadDefaults$0(Lch/qos/logback/classic/LoggerContext;Lorg/springframework/boot/logging/LoggingInitializationContext;Lorg/springframework/boot/logging/LogFile;)V+87
j  org.springframework.boot.logging.logback.LogbackLoggingSystem$$Lambda$297+0x0000000800d6e000.run()V+12
j  org.springframework.boot.logging.logback.LogbackLoggingSystem.withLoggingSuppressed(Ljava/lang/Runnable;)V+17
j  org.springframework.boot.logging.logback.LogbackLoggingSystem.loadDefaults(Lorg/springframework/boot/logging/LoggingInitializationContext;Lorg/springframework/boot/logging/LogFile;)V+19
j  org.springframework.boot.logging.AbstractLoggingSystem.initializeWithConventions(Lorg/springframework/boot/logging/LoggingInitializationContext;Lorg/springframework/boot/logging/LogFile;)V+43
j  org.springframework.boot.logging.AbstractLoggingSystem.initialize(Lorg/springframework/boot/logging/LoggingInitializationContext;Ljava/lang/String;Lorg/springframework/boot/logging/LogFile;)V+18
j  org.springframework.boot.logging.logback.LogbackLoggingSystem.initialize(Lorg/springframework/boot/logging/LoggingInitializationContext;Ljava/lang/String;Lorg/springframework/boot/logging/LogFile;)V+29
j  org.springframework.boot.context.logging.LoggingApplicationListener.initializeSystem(Lorg/springframework/core/env/ConfigurableEnvironment;Lorg/springframework/boot/logging/LoggingSystem;Lorg/springframework/boot/logging/LogFile;)V+49
j  org.springframework.boot.context.logging.LoggingApplicationListener.initialize(Lorg/springframework/core/env/ConfigurableEnvironment;Ljava/lang/ClassLoader;)V+59
j  org.springframework.boot.context.logging.LoggingApplicationListener.onApplicationEnvironmentPreparedEvent(Lorg/springframework/boot/context/event/ApplicationEnvironmentPreparedEvent;)V+32
j  org.springframework.boot.context.logging.LoggingApplicationListener.onApplicationEvent(Lorg/springframework/context/ApplicationEvent;)V+34
j  org.springframework.context.event.SimpleApplicationEventMulticaster.doInvokeListener(Lorg/springframework/context/ApplicationListener;Lorg/springframework/context/ApplicationEvent;)V+2
j  org.springframework.context.event.SimpleApplicationEventMulticaster.invokeListener(Lorg/springframework/context/ApplicationListener;Lorg/springframework/context/ApplicationEvent;)V+34
j  org.springframework.context.event.SimpleApplicationEventMulticaster.multicastEvent(Lorg/springframework/context/ApplicationEvent;Lorg/springframework/core/ResolvableType;)V+82
j  org.springframework.context.event.SimpleApplicationEventMulticaster.multicastEvent(Lorg/springframework/context/ApplicationEvent;)V+3
j  org.springframework.boot.context.event.EventPublishingRunListener.multicastInitialEvent(Lorg/springframework/context/ApplicationEvent;)V+9
j  org.springframework.boot.context.event.EventPublishingRunListener.environmentPrepared(Lorg/springframework/boot/ConfigurableBootstrapContext;Lorg/springframework/core/env/ConfigurableEnvironment;)V+18
j  org.springframework.boot.SpringApplicationRunListeners.lambda$environmentPrepared$2(Lorg/springframework/boot/ConfigurableBootstrapContext;Lorg/springframework/core/env/ConfigurableEnvironment;Lorg/springframework/boot/SpringApplicationRunListener;)V+3
j  org.springframework.boot.SpringApplicationRunListeners$$Lambda$170+0x0000000800d26238.accept(Ljava/lang/Object;)V+12
j  java.lang.Iterable.forEach(Ljava/util/function/Consumer;)V+30 java.base@17.0.2
j  org.springframework.boot.SpringApplicationRunListeners.doWithListeners(Ljava/lang/String;Ljava/util/function/Consumer;Ljava/util/function/Consumer;)V+17
j  org.springframework.boot.SpringApplicationRunListeners.doWithListeners(Ljava/lang/String;Ljava/util/function/Consumer;)V+4
j  org.springframework.boot.SpringApplicationRunListeners.environmentPrepared(Lorg/springframework/boot/ConfigurableBootstrapContext;Lorg/springframework/core/env/ConfigurableEnvironment;)V+10
j  org.springframework.boot.SpringApplication.prepareEnvironment(Lorg/springframework/boot/SpringApplicationRunListeners;Lorg/springframework/boot/DefaultBootstrapContext;Lorg/springframework/boot/ApplicationArguments;)Lorg/springframework/core/env/ConfigurableEnvironment;+27
j  org.springframework.boot.SpringApplication.run([Ljava/lang/String;)Lorg/springframework/context/ConfigurableApplicationContext;+65
j  org.springframework.boot.builder.SpringApplicationBuilder.run([Ljava/lang/String;)Lorg/springframework/context/ConfigurableApplicationContext;+45
j  org.springframework.cloud.bootstrap.BootstrapApplicationListener.bootstrapServiceContext(Lorg/springframework/core/env/ConfigurableEnvironment;Lorg/springframework/boot/SpringApplication;Ljava/lang/String;)Lorg/springframework/context/ConfigurableApplicationContext;+303
j  org.springframework.cloud.bootstrap.BootstrapApplicationListener.onApplicationEvent(Lorg/springframework/boot/context/event/ApplicationEnvironmentPreparedEvent;)V+118
j  org.springframework.cloud.bootstrap.BootstrapApplicationListener.onApplicationEvent(Lorg/springframework/context/ApplicationEvent;)V+5
j  org.springframework.context.event.SimpleApplicationEventMulticaster.doInvokeListener(Lorg/springframework/context/ApplicationListener;Lorg/springframework/context/ApplicationEvent;)V+2
j  org.springframework.context.event.SimpleApplicationEventMulticaster.invokeListener(Lorg/springframework/context/ApplicationListener;Lorg/springframework/context/ApplicationEvent;)V+34
j  org.springframework.context.event.SimpleApplicationEventMulticaster.multicastEvent(Lorg/springframework/context/ApplicationEvent;Lorg/springframework/core/ResolvableType;)V+82
j  org.springframework.context.event.SimpleApplicationEventMulticaster.multicastEvent(Lorg/springframework/context/ApplicationEvent;)V+3
j  org.springframework.boot.context.event.EventPublishingRunListener.multicastInitialEvent(Lorg/springframework/context/ApplicationEvent;)V+9
j  org.springframework.boot.context.event.EventPublishingRunListener.environmentPrepared(Lorg/springframework/boot/ConfigurableBootstrapContext;Lorg/springframework/core/env/ConfigurableEnvironment;)V+18
j  org.springframework.boot.SpringApplicationRunListeners.lambda$environmentPrepared$2(Lorg/springframework/boot/ConfigurableBootstrapContext;Lorg/springframework/core/env/ConfigurableEnvironment;Lorg/springframework/boot/SpringApplicationRunListener;)V+3
j  org.springframework.boot.SpringApplicationRunListeners$$Lambda$170+0x0000000800d26238.accept(Ljava/lang/Object;)V+12
j  java.lang.Iterable.forEach(Ljava/util/function/Consumer;)V+30 java.base@17.0.2
j  org.springframework.boot.SpringApplicationRunListeners.doWithListeners(Ljava/lang/String;Ljava/util/function/Consumer;Ljava/util/function/Consumer;)V+17
j  org.springframework.boot.SpringApplicationRunListeners.doWithListeners(Ljava/lang/String;Ljava/util/function/Consumer;)V+4
j  org.springframework.boot.SpringApplicationRunListeners.environmentPrepared(Lorg/springframework/boot/ConfigurableBootstrapContext;Lorg/springframework/core/env/ConfigurableEnvironment;)V+10
j  org.springframework.boot.SpringApplication.prepareEnvironment(Lorg/springframework/boot/SpringApplicationRunListeners;Lorg/springframework/boot/DefaultBootstrapContext;Lorg/springframework/boot/ApplicationArguments;)Lorg/springframework/core/env/ConfigurableEnvironment;+27
j  org.springframework.boot.SpringApplication.run([Ljava/lang/String;)Lorg/springframework/context/ConfigurableApplicationContext;+65
j  org.springframework.boot.SpringApplication.run([Ljava/lang/Class;[Ljava/lang/String;)Lorg/springframework/context/ConfigurableApplicationContext;+9
j  org.springframework.boot.SpringApplication.run(Ljava/lang/Class;[Ljava/lang/String;)Lorg/springframework/context/ConfigurableApplicationContext;+9
j  com.esprit.microservice.gestioncmmande.gestioncommande.GestioncommandeApplication.main([Ljava/lang/String;)V+3
v  ~StubRoutines::call_stub

---------------  P R O C E S S  ---------------

Threads class SMR info:
_java_thread_list=0x000002209835fe20, length=14, elements={
0x000002208839d0c0, 0x00000220884479e0, 0x0000022088448650, 0x0000022096ea3b90,
0x0000022096ea4450, 0x0000022096ea4e00, 0x0000022096ea57b0, 0x0000022096ea6160,
0x0000022096ed5c50, 0x0000022096e9c190, 0x0000022097db61b0, 0x0000022097db84c0,
0x0000022097f1f020, 0x0000022097f2b8b0
}

Java Threads: ( => current thread )
=>0x000002208839d0c0 JavaThread "main" [_thread_in_vm, id=3712, stack(0x000000473b800000,0x000000473b900000)]
  0x00000220884479e0 JavaThread "Reference Handler" daemon [_thread_blocked, id=8464, stack(0x000000473bf00000,0x000000473c000000)]
  0x0000022088448650 JavaThread "Finalizer" daemon [_thread_blocked, id=3484, stack(0x000000473c000000,0x000000473c100000)]
  0x0000022096ea3b90 JavaThread "Signal Dispatcher" daemon [_thread_blocked, id=5844, stack(0x000000473c200000,0x000000473c300000)]
  0x0000022096ea4450 JavaThread "Attach Listener" daemon [_thread_blocked, id=6404, stack(0x000000473c300000,0x000000473c400000)]
  0x0000022096ea4e00 JavaThread "Service Thread" daemon [_thread_blocked, id=9084, stack(0x000000473c400000,0x000000473c500000)]
  0x0000022096ea57b0 JavaThread "Monitor Deflation Thread" daemon [_thread_blocked, id=4628, stack(0x000000473c500000,0x000000473c600000)]
  0x0000022096ea6160 JavaThread "C1 CompilerThread0" daemon [_thread_blocked, id=6104, stack(0x000000473c600000,0x000000473c700000)]
  0x0000022096ed5c50 JavaThread "Sweeper thread" daemon [_thread_blocked, id=7512, stack(0x000000473c700000,0x000000473c800000)]
  0x0000022096e9c190 JavaThread "Common-Cleaner" daemon [_thread_blocked, id=8800, stack(0x000000473c800000,0x000000473c900000)]
  0x0000022097db61b0 JavaThread "Monitor Ctrl-Break" daemon [_thread_in_native, id=10560, stack(0x000000473cb00000,0x000000473cc00000)]
  0x0000022097db84c0 JavaThread "Notification Thread" daemon [_thread_blocked, id=4112, stack(0x000000473cc00000,0x000000473cd00000)]
  0x0000022097f1f020 JavaThread "C1 CompilerThread1" daemon [_thread_blocked, id=10360, stack(0x000000473d200000,0x000000473d300000)]
  0x0000022097f2b8b0 JavaThread "RMI TCP Accept-0" daemon [_thread_in_native, id=2776, stack(0x000000473d300000,0x000000473d400000)]

Other Threads:
  0x000002208843fa50 VMThread "VM Thread" [stack: 0x000000473be00000,0x000000473bf00000] [id=4124]
  0x00000220883dbe80 WatcherThread [stack: 0x000000473d400000,0x000000473d500000] [id=3952]
  0x00000220883c9c50 GCTaskThread "GC Thread#0" [stack: 0x000000473b900000,0x000000473ba00000] [id=9132]
  0x0000022097c201c0 GCTaskThread "GC Thread#1" [stack: 0x000000473ca00000,0x000000473cb00000] [id=2504]
  0x00000220883d3520 ConcurrentGCThread "G1 Main Marker" [stack: 0x000000473ba00000,0x000000473bb00000] [id=10680]
  0x00000220883d4e40 ConcurrentGCThread "G1 Conc#0" [stack: 0x000000473bb00000,0x000000473bc00000] [id=7824]
  0x000002208840aee0 ConcurrentGCThread "G1 Refine#0" [stack: 0x000000473bc00000,0x000000473bd00000] [id=7652]
  0x000002208840b800 ConcurrentGCThread "G1 Service" [stack: 0x000000473bd00000,0x000000473be00000] [id=6932]

Threads with active compile tasks:

VM state: not at safepoint (normal execution)

VM Mutex/Monitor currently owned by a thread:  ([mutex/lock_event])
[0x00000220883981f0] Metaspace_lock - owner thread: 0x000002208839d0c0

Heap address: 0x00000000c2c00000, size: 980 MB, Compressed Oops mode: 32-bit

CDS archive(s) mapped at: [0x0000000800000000-0x0000000800bc0000-0x0000000800bc0000), size 12320768, SharedBaseAddress: 0x0000000800000000, ArchiveRelocationMode: 0.
Compressed class space mapped at: 0x0000000800c00000-0x0000000840c00000, reserved size: 1073741824
Narrow klass base: 0x0000000800000000, Narrow klass shift: 0, Narrow klass range: 0x100000000

GC Precious Log:
 CPUs: 2 total, 2 available
 Memory: 3919M
 Large Page Support: Disabled
 NUMA Support: Disabled
 Compressed Oops: Enabled (32-bit)
 Heap Region Size: 1M
 Heap Min Capacity: 8M
 Heap Initial Capacity: 62M
 Heap Max Capacity: 980M
 Pre-touch: Disabled
 Parallel Workers: 2
 Concurrent Workers: 1
 Concurrent Refinement Workers: 2
 Periodic GC: Disabled

Heap:
 garbage-first heap   total 63488K, used 22247K [0x00000000c2c00000, 0x0000000100000000)
  region size 1024K, 15 young (15360K), 2 survivors (2048K)
 Metaspace       used 10270K, committed 10560K, reserved 1064960K
  class space    used 1376K, committed 1536K, reserved 1048576K

Heap Regions: E=young(eden), S=young(survivor), O=old, HS=humongous(starts), HC=humongous(continues), CS=collection set, F=free, OA=open archive, CA=closed archive, TAMS=top-at-mark-start (previous, next)
|   0|0x00000000c2c00000, 0x00000000c2d00000, 0x00000000c2d00000|100%|HS|  |TAMS 0x00000000c2c00000, 0x00000000c2c00000| Complete 
|   1|0x00000000c2d00000, 0x00000000c2e00000, 0x00000000c2e00000|100%| O|  |TAMS 0x00000000c2d00000, 0x00000000c2d00000| Untracked 
|   2|0x00000000c2e00000, 0x00000000c2f00000, 0x00000000c2f00000|100%|HS|  |TAMS 0x00000000c2e00000, 0x00000000c2e00000| Complete 
|   3|0x00000000c2f00000, 0x00000000c3000000, 0x00000000c3000000|100%| O|  |TAMS 0x00000000c2f00000, 0x00000000c2f00000| Untracked 
|   4|0x00000000c3000000, 0x00000000c3100000, 0x00000000c3100000|100%| O|  |TAMS 0x00000000c3000000, 0x00000000c3000000| Untracked 
|   5|0x00000000c3100000, 0x00000000c3200000, 0x00000000c3200000|100%| O|  |TAMS 0x00000000c3100000, 0x00000000c3100000| Untracked 
|   6|0x00000000c3200000, 0x00000000c3300000, 0x00000000c3300000|100%| O|  |TAMS 0x00000000c3200000, 0x00000000c3200000| Untracked 
|   7|0x00000000c3300000, 0x00000000c33f3a00, 0x00000000c3400000| 95%| O|  |TAMS 0x00000000c3300000, 0x00000000c3300000| Untracked 
|   8|0x00000000c3400000, 0x00000000c3400000, 0x00000000c3500000|  0%| F|  |TAMS 0x00000000c3400000, 0x00000000c3400000| Untracked 
|   9|0x00000000c3500000, 0x00000000c3500000, 0x00000000c3600000|  0%| F|  |TAMS 0x00000000c3500000, 0x00000000c3500000| Untracked 
|  10|0x00000000c3600000, 0x00000000c3600000, 0x00000000c3700000|  0%| F|  |TAMS 0x00000000c3600000, 0x00000000c3600000| Untracked 
|  11|0x00000000c3700000, 0x00000000c3700000, 0x00000000c3800000|  0%| F|  |TAMS 0x00000000c3700000, 0x00000000c3700000| Untracked 
|  12|0x00000000c3800000, 0x00000000c3800000, 0x00000000c3900000|  0%| F|  |TAMS 0x00000000c3800000, 0x00000000c3800000| Untracked 
|  13|0x00000000c3900000, 0x00000000c3900000, 0x00000000c3a00000|  0%| F|  |TAMS 0x00000000c3900000, 0x00000000c3900000| Untracked 
|  14|0x00000000c3a00000, 0x00000000c3a00000, 0x00000000c3b00000|  0%| F|  |TAMS 0x00000000c3a00000, 0x00000000c3a00000| Untracked 
|  15|0x00000000c3b00000, 0x00000000c3b00000, 0x00000000c3c00000|  0%| F|  |TAMS 0x00000000c3b00000, 0x00000000c3b00000| Untracked 
|  16|0x00000000c3c00000, 0x00000000c3c00000, 0x00000000c3d00000|  0%| F|  |TAMS 0x00000000c3c00000, 0x00000000c3c00000| Untracked 
|  17|0x00000000c3d00000, 0x00000000c3d00000, 0x00000000c3e00000|  0%| F|  |TAMS 0x00000000c3d00000, 0x00000000c3d00000| Untracked 
|  18|0x00000000c3e00000, 0x00000000c3e00000, 0x00000000c3f00000|  0%| F|  |TAMS 0x00000000c3e00000, 0x00000000c3e00000| Untracked 
|  19|0x00000000c3f00000, 0x00000000c3f00000, 0x00000000c4000000|  0%| F|  |TAMS 0x00000000c3f00000, 0x00000000c3f00000| Untracked 
|  20|0x00000000c4000000, 0x00000000c4000000, 0x00000000c4100000|  0%| F|  |TAMS 0x00000000c4000000, 0x00000000c4000000| Untracked 
|  21|0x00000000c4100000, 0x00000000c4100000, 0x00000000c4200000|  0%| F|  |TAMS 0x00000000c4100000, 0x00000000c4100000| Untracked 
|  22|0x00000000c4200000, 0x00000000c4200000, 0x00000000c4300000|  0%| F|  |TAMS 0x00000000c4200000, 0x00000000c4200000| Untracked 
|  23|0x00000000c4300000, 0x00000000c4300000, 0x00000000c4400000|  0%| F|  |TAMS 0x00000000c4300000, 0x00000000c4300000| Untracked 
|  24|0x00000000c4400000, 0x00000000c4400000, 0x00000000c4500000|  0%| F|  |TAMS 0x00000000c4400000, 0x00000000c4400000| Untracked 
|  25|0x00000000c4500000, 0x00000000c4500000, 0x00000000c4600000|  0%| F|  |TAMS 0x00000000c4500000, 0x00000000c4500000| Untracked 
|  26|0x00000000c4600000, 0x00000000c4600000, 0x00000000c4700000|  0%| F|  |TAMS 0x00000000c4600000, 0x00000000c4600000| Untracked 
|  27|0x00000000c4700000, 0x00000000c4700000, 0x00000000c4800000|  0%| F|  |TAMS 0x00000000c4700000, 0x00000000c4700000| Untracked 
|  28|0x00000000c4800000, 0x00000000c4800000, 0x00000000c4900000|  0%| F|  |TAMS 0x00000000c4800000, 0x00000000c4800000| Untracked 
|  29|0x00000000c4900000, 0x00000000c4900000, 0x00000000c4a00000|  0%| F|  |TAMS 0x00000000c4900000, 0x00000000c4900000| Untracked 
|  30|0x00000000c4a00000, 0x00000000c4a00000, 0x00000000c4b00000|  0%| F|  |TAMS 0x00000000c4a00000, 0x00000000c4a00000| Untracked 
|  31|0x00000000c4b00000, 0x00000000c4b00000, 0x00000000c4c00000|  0%| F|  |TAMS 0x00000000c4b00000, 0x00000000c4b00000| Untracked 
|  32|0x00000000c4c00000, 0x00000000c4c00000, 0x00000000c4d00000|  0%| F|  |TAMS 0x00000000c4c00000, 0x00000000c4c00000| Untracked 
|  33|0x00000000c4d00000, 0x00000000c4d00000, 0x00000000c4e00000|  0%| F|  |TAMS 0x00000000c4d00000, 0x00000000c4d00000| Untracked 
|  34|0x00000000c4e00000, 0x00000000c4e00000, 0x00000000c4f00000|  0%| F|  |TAMS 0x00000000c4e00000, 0x00000000c4e00000| Untracked 
|  35|0x00000000c4f00000, 0x00000000c4f00000, 0x00000000c5000000|  0%| F|  |TAMS 0x00000000c4f00000, 0x00000000c4f00000| Untracked 
|  36|0x00000000c5000000, 0x00000000c5000000, 0x00000000c5100000|  0%| F|  |TAMS 0x00000000c5000000, 0x00000000c5000000| Untracked 
|  37|0x00000000c5100000, 0x00000000c5100000, 0x00000000c5200000|  0%| F|  |TAMS 0x00000000c5100000, 0x00000000c5100000| Untracked 
|  38|0x00000000c5200000, 0x00000000c5200000, 0x00000000c5300000|  0%| F|  |TAMS 0x00000000c5200000, 0x00000000c5200000| Untracked 
|  39|0x00000000c5300000, 0x00000000c5300000, 0x00000000c5400000|  0%| F|  |TAMS 0x00000000c5300000, 0x00000000c5300000| Untracked 
|  40|0x00000000c5400000, 0x00000000c5400000, 0x00000000c5500000|  0%| F|  |TAMS 0x00000000c5400000, 0x00000000c5400000| Untracked 
|  41|0x00000000c5500000, 0x00000000c5500000, 0x00000000c5600000|  0%| F|  |TAMS 0x00000000c5500000, 0x00000000c5500000| Untracked 
|  42|0x00000000c5600000, 0x00000000c5600000, 0x00000000c5700000|  0%| F|  |TAMS 0x00000000c5600000, 0x00000000c5600000| Untracked 
|  43|0x00000000c5700000, 0x00000000c5700000, 0x00000000c5800000|  0%| F|  |TAMS 0x00000000c5700000, 0x00000000c5700000| Untracked 
|  44|0x00000000c5800000, 0x00000000c5800000, 0x00000000c5900000|  0%| F|  |TAMS 0x00000000c5800000, 0x00000000c5800000| Untracked 
|  45|0x00000000c5900000, 0x00000000c5900000, 0x00000000c5a00000|  0%| F|  |TAMS 0x00000000c5900000, 0x00000000c5900000| Untracked 
|  46|0x00000000c5a00000, 0x00000000c5a00000, 0x00000000c5b00000|  0%| F|  |TAMS 0x00000000c5a00000, 0x00000000c5a00000| Untracked 
|  47|0x00000000c5b00000, 0x00000000c5c00000, 0x00000000c5c00000|100%| E|  |TAMS 0x00000000c5b00000, 0x00000000c5b00000| Complete 
|  48|0x00000000c5c00000, 0x00000000c5cc63a8, 0x00000000c5d00000| 77%| S|CS|TAMS 0x00000000c5c00000, 0x00000000c5c00000| Complete 
|  49|0x00000000c5d00000, 0x00000000c5e00000, 0x00000000c5e00000|100%| S|CS|TAMS 0x00000000c5d00000, 0x00000000c5d00000| Complete 
|  50|0x00000000c5e00000, 0x00000000c5f00000, 0x00000000c5f00000|100%| E|CS|TAMS 0x00000000c5e00000, 0x00000000c5e00000| Complete 
|  51|0x00000000c5f00000, 0x00000000c6000000, 0x00000000c6000000|100%| E|CS|TAMS 0x00000000c5f00000, 0x00000000c5f00000| Complete 
|  52|0x00000000c6000000, 0x00000000c6100000, 0x00000000c6100000|100%| E|CS|TAMS 0x00000000c6000000, 0x00000000c6000000| Complete 
|  53|0x00000000c6100000, 0x00000000c6200000, 0x00000000c6200000|100%| E|CS|TAMS 0x00000000c6100000, 0x00000000c6100000| Complete 
|  54|0x00000000c6200000, 0x00000000c6300000, 0x00000000c6300000|100%| E|CS|TAMS 0x00000000c6200000, 0x00000000c6200000| Complete 
|  55|0x00000000c6300000, 0x00000000c6400000, 0x00000000c6400000|100%| E|CS|TAMS 0x00000000c6300000, 0x00000000c6300000| Complete 
|  56|0x00000000c6400000, 0x00000000c6500000, 0x00000000c6500000|100%| E|CS|TAMS 0x00000000c6400000, 0x00000000c6400000| Complete 
|  57|0x00000000c6500000, 0x00000000c6600000, 0x00000000c6600000|100%| E|CS|TAMS 0x00000000c6500000, 0x00000000c6500000| Complete 
|  58|0x00000000c6600000, 0x00000000c6700000, 0x00000000c6700000|100%| E|CS|TAMS 0x00000000c6600000, 0x00000000c6600000| Complete 
|  59|0x00000000c6700000, 0x00000000c6800000, 0x00000000c6800000|100%| E|CS|TAMS 0x00000000c6700000, 0x00000000c6700000| Complete 
|  60|0x00000000c6800000, 0x00000000c6900000, 0x00000000c6900000|100%| E|CS|TAMS 0x00000000c6800000, 0x00000000c6800000| Complete 
|  61|0x00000000c6900000, 0x00000000c6a00000, 0x00000000c6a00000|100%| E|CS|TAMS 0x00000000c6900000, 0x00000000c6900000| Complete 

Card table byte_map: [0x0000022087fd0000,0x00000220881c0000] _byte_map_base: 0x00000220879ba000

Marking Bits (Prev, Next): (CMBitMap*) 0x00000220883cb170, (CMBitMap*) 0x00000220883cb1b0
 Prev Bits: [0x0000022092dd0000, 0x0000022093d20000)
 Next Bits: [0x0000022093d20000, 0x0000022094c70000)

Polling page: 0x0000022086370000

Metaspace:

Usage:
  Non-class:      8.69 MB used.
      Class:      1.34 MB used.
       Both:     10.03 MB used.

Virtual space:
  Non-class space:       16.00 MB reserved,       8.81 MB ( 55%) committed,  2 nodes.
      Class space:        1.00 GB reserved,       1.50 MB ( <1%) committed,  1 nodes.
             Both:        1.02 GB reserved,      10.31 MB ( <1%) committed. 

Chunk freelists:
   Non-Class:  3.05 MB
       Class:  2.53 MB
        Both:  5.58 MB

MaxMetaspaceSize: unlimited
CompressedClassSpaceSize: 1.00 GB
Initial GC threshold: 21.00 MB
Current GC threshold: 21.00 MB
CDS: on
MetaspaceReclaimPolicy: balanced
 - commit_granule_bytes: 65536.
 - commit_granule_words: 8192.
 - virtual_space_node_default_size: 1048576.
 - enlarge_chunks_in_place: 1.
 - new_chunks_are_fully_committed: 0.
 - uncommit_free_chunks: 1.
 - use_allocation_guard: 0.
 - handle_deallocations: 1.


Internal statistics:

num_allocs_failed_limit: 0.
num_arena_births: 248.
num_arena_deaths: 0.
num_vsnodes_births: 3.
num_vsnodes_deaths: 0.
num_space_committed: 165.
num_space_uncommitted: 0.
num_chunks_returned_to_freelist: 0.
num_chunks_taken_from_freelist: 504.
num_chunk_merges: 0.
num_chunk_splits: 320.
num_chunks_enlarged: 212.
num_purges: 0.
num_inconsistent_stats: 0.

CodeCache: size=49152Kb used=4523Kb max_used=4523Kb free=44628Kb
 bounds [0x000002208fbe0000, 0x0000022090050000, 0x0000022092be0000]
 total_blobs=2352 nmethods=1900 adapters=379
 compilation: enabled
              stopped_count=0, restarted_count=0
 full_count=0

Compilation events (20 events):
Event: 5.563 Thread 0x0000022096ea6160 1890       1       org.springframework.util.StringUtils::delimitedListToStringArray (7 bytes)
Event: 5.564 Thread 0x0000022096ea6160 nmethod 1890 0x0000022090044f90 code [0x0000022090045120, 0x00000220900451e8]
Event: 5.564 Thread 0x0000022097f1f020 1891       1       org.springframework.util.StringUtils::delimitedListToStringArray (164 bytes)
Event: 5.565 Thread 0x0000022097f1f020 nmethod 1891 0x0000022090045290 code [0x0000022090045520, 0x0000022090046068]
Event: 5.602 Thread 0x0000022097f1f020 1893       1       ch.qos.logback.core.subst.Tokenizer::handleLiteralState (141 bytes)
Event: 5.603 Thread 0x0000022097f1f020 nmethod 1893 0x0000022090046a90 code [0x0000022090046d60, 0x0000022090047788]
Event: 5.611 Thread 0x0000022096ea6160 1894       1       java.lang.invoke.LambdaFormEditor$TransformKey::of (49 bytes)
Event: 5.611 Thread 0x0000022097f1f020 1895       1       java.lang.invoke.LambdaFormEditor$TransformKey::packedBytes (32 bytes)
Event: 5.612 Thread 0x0000022097f1f020 nmethod 1895 0x0000022090047b90 code [0x0000022090047d20, 0x0000022090047dd8]
Event: 5.612 Thread 0x0000022096ea6160 nmethod 1894 0x0000022090047e90 code [0x0000022090048040, 0x0000022090048398]
Event: 5.612 Thread 0x0000022097f1f020 1896       1       ch.qos.logback.core.subst.Parser::peekAtCurentToken (35 bytes)
Event: 5.612 Thread 0x0000022097f1f020 nmethod 1896 0x0000022090048490 code [0x0000022090048640, 0x00000220900487f8]
Event: 5.615 Thread 0x0000022097f1f020 1897       1       java.lang.invoke.LambdaFormEditor::bindArgumentType (101 bytes)
Event: 5.615 Thread 0x0000022096ea6160 1898       1       java.lang.invoke.LambdaFormEditor::bindArgumentForm (269 bytes)
Event: 5.616 Thread 0x0000022097f1f020 nmethod 1897 0x0000022090048910 code [0x0000022090048aa0, 0x0000022090048b88]
Event: 5.617 Thread 0x0000022096ea6160 nmethod 1898 0x0000022090048c90 code [0x0000022090048fa0, 0x0000022090049c68]
Event: 5.619 Thread 0x0000022097f1f020 1899       1       java.util.logging.LogManager::getProperty (9 bytes)
Event: 5.619 Thread 0x0000022097f1f020 nmethod 1899 0x000002209004a490 code [0x000002209004a620, 0x000002209004a708]
Event: 5.619 Thread 0x0000022096ea6160 1900       1       ch.qos.logback.classic.util.LoggerNameUtil::getSeparatorIndexOf (53 bytes)
Event: 5.619 Thread 0x0000022096ea6160 nmethod 1900 0x000002209004a790 code [0x000002209004a960, 0x000002209004abd8]

GC Heap History (8 events):
Event: 2.461 GC heap before
{Heap before GC invocations=0 (full 0):
 garbage-first heap   total 63488K, used 8192K [0x00000000c2c00000, 0x0000000100000000)
  region size 1024K, 6 young (6144K), 0 survivors (0K)
 Metaspace       used 287K, committed 512K, reserved 1056768K
  class space    used 17K, committed 128K, reserved 1048576K
}
Event: 2.470 GC heap after
{Heap after GC invocations=1 (full 0):
 garbage-first heap   total 63488K, used 5281K [0x00000000c2c00000, 0x0000000100000000)
  region size 1024K, 1 young (1024K), 1 survivors (1024K)
 Metaspace       used 287K, committed 512K, reserved 1056768K
  class space    used 17K, committed 128K, reserved 1048576K
}
Event: 3.533 GC heap before
{Heap before GC invocations=1 (full 0):
 garbage-first heap   total 63488K, used 7329K [0x00000000c2c00000, 0x0000000100000000)
  region size 1024K, 4 young (4096K), 1 survivors (1024K)
 Metaspace       used 1056K, committed 1216K, reserved 1056768K
  class space    used 101K, committed 192K, reserved 1048576K
}
Event: 3.538 GC heap after
{Heap after GC invocations=2 (full 0):
 garbage-first heap   total 63488K, used 7491K [0x00000000c2c00000, 0x0000000100000000)
  region size 1024K, 1 young (1024K), 1 survivors (1024K)
 Metaspace       used 1056K, committed 1216K, reserved 1056768K
  class space    used 101K, committed 192K, reserved 1048576K
}
Event: 4.221 GC heap before
{Heap before GC invocations=2 (full 0):
 garbage-first heap   total 63488K, used 14659K [0x00000000c2c00000, 0x0000000100000000)
  region size 1024K, 8 young (8192K), 1 survivors (1024K)
 Metaspace       used 5632K, committed 5824K, reserved 1056768K
  class space    used 676K, committed 768K, reserved 1048576K
}
Event: 4.227 GC heap after
{Heap after GC invocations=3 (full 0):
 garbage-first heap   total 63488K, used 9166K [0x00000000c2c00000, 0x0000000100000000)
  region size 1024K, 1 young (1024K), 1 survivors (1024K)
 Metaspace       used 5632K, committed 5824K, reserved 1056768K
  class space    used 676K, committed 768K, reserved 1048576K
}
Event: 4.804 GC heap before
{Heap before GC invocations=3 (full 0):
 garbage-first heap   total 63488K, used 20430K [0x00000000c2c00000, 0x0000000100000000)
  region size 1024K, 12 young (12288K), 1 survivors (1024K)
 Metaspace       used 8155K, committed 8384K, reserved 1056768K
  class space    used 1039K, committed 1152K, reserved 1048576K
}
Event: 4.809 GC heap after
{Heap after GC invocations=4 (full 0):
 garbage-first heap   total 63488K, used 9959K [0x00000000c2c00000, 0x0000000100000000)
  region size 1024K, 2 young (2048K), 2 survivors (2048K)
 Metaspace       used 8155K, committed 8384K, reserved 1056768K
  class space    used 1039K, committed 1152K, reserved 1048576K
}

Deoptimization events (4 events):
Event: 3.033 Thread 0x000002208839d0c0 DEOPT PACKING pc=0x000002208fd8a005 sp=0x000000473b8fe540
Event: 3.034 Thread 0x000002208839d0c0 DEOPT UNPACKING pc=0x000002208fc32b24 sp=0x000000473b8fdaa0 mode 3
Event: 4.384 Thread 0x000002208839d0c0 DEOPT PACKING pc=0x000002208fd29975 sp=0x000000473b8fdad0
Event: 4.384 Thread 0x000002208839d0c0 DEOPT UNPACKING pc=0x000002208fc32b24 sp=0x000000473b8fcf28 mode 3

Classes unloaded (0 events):
No events

Classes redefined (0 events):
No events

Internal exceptions (20 events):
Event: 5.117 Thread 0x000002208839d0c0 Exception <a 'java/lang/NoSuchMethodError'{0x00000000c6430c48}: 'java.lang.Object java.lang.invoke.DirectMethodHandle$Holder.newInvokeSpecial(java.lang.Object, java.lang.Object, java.lang.Object, java.lang.Object, java.lang.Object, java.lang.Object, int)'> (0x00000000c6430c48) 
thrown [t:\workspace\open\src\hotspot\share\interpreter\linkResolver.cpp, line 766]
Event: 5.118 Thread 0x000002208839d0c0 Exception <a 'java/lang/NoSuchMethodError'{0x00000000c6435c88}: 'java.lang.Object java.lang.invoke.DirectMethodHandle$Holder.invokeSpecial(java.lang.Object, java.lang.Object, java.lang.Object, java.lang.Object, java.lang.Object, java.lang.Object, java.lang.Object, int)'> (0x00000000c6435c88) 
thrown [t:\workspace\open\src\hotspot\share\interpreter\linkResolver.cpp, line 766]
Event: 5.133 Thread 0x000002208839d0c0 Exception <a 'java/lang/NoSuchMethodError'{0x00000000c6479cc0}: 'java.lang.Object java.lang.invoke.DirectMethodHandle$Holder.newInvokeSpecial(java.lang.Object, java.lang.Object, int, java.lang.Object)'> (0x00000000c6479cc0) 
thrown [t:\workspace\open\src\hotspot\share\interpreter\linkResolver.cpp, line 766]
Event: 5.133 Thread 0x000002208839d0c0 Exception <a 'java/lang/NoSuchMethodError'{0x00000000c647dde0}: 'java.lang.Object java.lang.invoke.DirectMethodHandle$Holder.invokeSpecial(java.lang.Object, java.lang.Object, java.lang.Object, int, java.lang.Object)'> (0x00000000c647dde0) 
thrown [t:\workspace\open\src\hotspot\share\interpreter\linkResolver.cpp, line 766]
Event: 5.146 Thread 0x000002208839d0c0 Exception <a 'java/lang/NoSuchMethodError'{0x00000000c64c4270}: 'java.lang.Object java.lang.invoke.DirectMethodHandle$Holder.newInvokeSpecial(java.lang.Object, java.lang.Object, java.lang.Object, java.lang.Object, java.lang.Object, java.lang.Object)'> (0x00000000c64c4270) 
thrown [t:\workspace\open\src\hotspot\share\interpreter\linkResolver.cpp, line 766]
Event: 5.152 Thread 0x000002208839d0c0 Exception <a 'java/lang/NoSuchMethodError'{0x00000000c64da150}: 'int java.lang.invoke.DirectMethodHandle$Holder.invokeVirtual(java.lang.Object, java.lang.Object)'> (0x00000000c64da150) 
thrown [t:\workspace\open\src\hotspot\share\interpreter\linkResolver.cpp, line 766]
Event: 5.301 Thread 0x000002208839d0c0 Exception <a 'java/lang/NoSuchMethodError'{0x00000000c60b2be8}: 'void java.lang.invoke.DirectMethodHandle$Holder.invokeStatic(java.lang.Object, java.lang.Object, java.lang.Object, java.lang.Object, java.lang.Object, java.lang.Object)'> (0x00000000c60b2be8) 
thrown [t:\workspace\open\src\hotspot\share\interpreter\linkResolver.cpp, line 766]
Event: 5.306 Thread 0x000002208839d0c0 Exception <a 'java/lang/NoSuchMethodError'{0x00000000c60d34c8}: 'java.lang.Object java.lang.invoke.DirectMethodHandle$Holder.newInvokeSpecial(java.lang.Object, java.lang.Object, java.lang.Object, int, java.lang.Object)'> (0x00000000c60d34c8) 
thrown [t:\workspace\open\src\hotspot\share\interpreter\linkResolver.cpp, line 766]
Event: 5.307 Thread 0x000002208839d0c0 Exception <a 'java/lang/NoSuchMethodError'{0x00000000c60dae98}: 'java.lang.Object java.lang.invoke.Invokers$Holder.linkToTargetMethod(java.lang.Object, java.lang.Object, int, java.lang.Object, java.lang.Object)'> (0x00000000c60dae98) 
thrown [t:\workspace\open\src\hotspot\share\interpreter\linkResolver.cpp, line 766]
Event: 5.309 Thread 0x000002208839d0c0 Exception <a 'java/lang/NoSuchMethodError'{0x00000000c60efb18}: 'java.lang.Object java.lang.invoke.DirectMethodHandle$Holder.newInvokeSpecial(java.lang.Object, int, java.lang.Object)'> (0x00000000c60efb18) 
thrown [t:\workspace\open\src\hotspot\share\interpreter\linkResolver.cpp, line 766]
Event: 5.310 Thread 0x000002208839d0c0 Exception <a 'java/lang/NoSuchMethodError'{0x00000000c60f4438}: 'int java.lang.invoke.DirectMethodHandle$Holder.invokeSpecialIFC(java.lang.Object, java.lang.Object, java.lang.Object, java.lang.Object)'> (0x00000000c60f4438) 
thrown [t:\workspace\open\src\hotspot\share\interpreter\linkResolver.cpp, line 766]
Event: 5.354 Thread 0x000002208839d0c0 Exception <a 'java/lang/NoSuchMethodError'{0x00000000c5fb7778}: 'void java.lang.invoke.DirectMethodHandle$Holder.invokeInterface(java.lang.Object, java.lang.Object, java.lang.Object)'> (0x00000000c5fb7778) 
thrown [t:\workspace\open\src\hotspot\share\interpreter\linkResolver.cpp, line 766]
Event: 5.449 Thread 0x000002208839d0c0 Exception <a 'java/lang/NoSuchMethodError'{0x00000000c5e87e60}: 'void java.lang.invoke.DirectMethodHandle$Holder.invokeStatic(java.lang.Object, java.lang.Object, int)'> (0x00000000c5e87e60) 
thrown [t:\workspace\open\src\hotspot\share\interpreter\linkResolver.cpp, line 766]
Event: 5.469 Thread 0x000002208839d0c0 Exception <a 'java/lang/NoSuchMethodError'{0x00000000c5e8ff30}: 'void java.lang.invoke.DirectMethodHandle$Holder.invokeStaticInit(java.lang.Object, java.lang.Object)'> (0x00000000c5e8ff30) 
thrown [t:\workspace\open\src\hotspot\share\interpreter\linkResolver.cpp, line 766]
Event: 5.471 Thread 0x000002208839d0c0 Exception <a 'java/lang/NoSuchMethodError'{0x00000000c5e9d5c8}: 'void java.lang.invoke.DirectMethodHandle$Holder.invokeStaticInit(java.lang.Object, java.lang.Object, java.lang.Object)'> (0x00000000c5e9d5c8) 
thrown [t:\workspace\open\src\hotspot\share\interpreter\linkResolver.cpp, line 766]
Event: 5.518 Thread 0x000002208839d0c0 Exception <a 'java/lang/NoSuchMethodError'{0x00000000c5edb978}: 'java.lang.Object java.lang.invoke.DirectMethodHandle$Holder.invokeStatic(java.lang.Object, java.lang.Object, long, java.lang.Object)'> (0x00000000c5edb978) 
thrown [t:\workspace\open\src\hotspot\share\interpreter\linkResolver.cpp, line 766]
Event: 5.520 Thread 0x000002208839d0c0 Exception <a 'java/lang/NoSuchMethodError'{0x00000000c5edf410}: 'java.lang.Object java.lang.invoke.DirectMethodHandle$Holder.invokeStaticInit(java.lang.Object, java.lang.Object, long, java.lang.Object)'> (0x00000000c5edf410) 
thrown [t:\workspace\open\src\hotspot\share\interpreter\linkResolver.cpp, line 766]
Event: 5.522 Thread 0x000002208839d0c0 Exception <a 'java/lang/NoSuchMethodError'{0x00000000c5ee5740}: 'java.lang.Object java.lang.invoke.DirectMethodHandle$Holder.newInvokeSpecial(java.lang.Object, java.lang.Object, long)'> (0x00000000c5ee5740) 
thrown [t:\workspace\open\src\hotspot\share\interpreter\linkResolver.cpp, line 766]
Event: 5.523 Thread 0x000002208839d0c0 Exception <a 'java/lang/NoSuchMethodError'{0x00000000c5ee9558}: 'java.lang.Object java.lang.invoke.Invokers$Holder.linkToTargetMethod(java.lang.Object, long, java.lang.Object)'> (0x00000000c5ee9558) 
thrown [t:\workspace\open\src\hotspot\share\interpreter\linkResolver.cpp, line 766]
Event: 5.571 Thread 0x000002208839d0c0 Exception <a 'java/lang/NoSuchMethodError'{0x00000000c5b47ad8}: 'void java.lang.invoke.DirectMethodHandle$Holder.invokeVirtual(java.lang.Object, java.lang.Object, java.lang.Object, java.lang.Object)'> (0x00000000c5b47ad8) 
thrown [t:\workspace\open\src\hotspot\share\interpreter\linkResolver.cpp, line 766]

VM Operations (20 events):
Event: 3.601 Executing VM operation: HandshakeAllThreads
Event: 3.601 Executing VM operation: HandshakeAllThreads done
Event: 3.809 Executing VM operation: HandshakeAllThreads
Event: 3.809 Executing VM operation: HandshakeAllThreads done
Event: 3.971 Executing VM operation: HandshakeAllThreads
Event: 3.971 Executing VM operation: HandshakeAllThreads done
Event: 4.063 Executing VM operation: HandshakeAllThreads
Event: 4.063 Executing VM operation: HandshakeAllThreads done
Event: 4.070 Executing VM operation: HandshakeAllThreads
Event: 4.070 Executing VM operation: HandshakeAllThreads done
Event: 4.221 Executing VM operation: G1CollectForAllocation
Event: 4.227 Executing VM operation: G1CollectForAllocation done
Event: 4.674 Executing VM operation: HandshakeAllThreads
Event: 4.674 Executing VM operation: HandshakeAllThreads done
Event: 4.804 Executing VM operation: G1CollectForAllocation
Event: 4.809 Executing VM operation: G1CollectForAllocation done
Event: 5.038 Executing VM operation: HandshakeAllThreads
Event: 5.038 Executing VM operation: HandshakeAllThreads done
Event: 5.613 Executing VM operation: ICBufferFull
Event: 5.613 Executing VM operation: ICBufferFull done

Events (20 events):
Event: 5.445 loading class java/util/stream/IntPipeline$4
Event: 5.449 loading class java/util/stream/IntPipeline$4 done
Event: 5.450 loading class java/util/stream/ForEachOps$ForEachOp$OfInt
Event: 5.461 loading class java/util/stream/ForEachOps$ForEachOp$OfInt done
Event: 5.461 loading class java/util/stream/IntPipeline$4$1
Event: 5.467 loading class java/util/stream/IntPipeline$4$1 done
Event: 5.468 loading class java/util/RegularEnumSet$EnumSetIterator
Event: 5.468 loading class java/util/RegularEnumSet$EnumSetIterator done
Event: 5.513 loading class java/nio/file/attribute/PosixFilePermission
Event: 5.513 loading class java/nio/file/attribute/PosixFilePermission done
Event: 5.513 loading class java/lang/ProcessHandle
Event: 5.514 loading class java/lang/ProcessHandle done
Event: 5.516 loading class java/lang/ProcessHandleImpl
Event: 5.516 loading class java/lang/ProcessHandleImpl done
Event: 5.570 loading class java/util/concurrent/Executors$DefaultThreadFactory
Event: 5.570 loading class java/util/concurrent/Executors$DefaultThreadFactory done
Event: 5.607 loading class java/util/Stack
Event: 5.608 loading class java/util/Stack done
Event: 5.609 loading class java/util/Vector$Itr
Event: 5.610 loading class java/util/Vector$Itr done


Dynamic libraries:
0x00007ff7369c0000 - 0x00007ff7369d0000 	C:\Program Files\Java\jdk-17.0.2\bin\java.exe
0x00007ffecbc10000 - 0x00007ffecbdeb000 	C:\Windows\SYSTEM32\ntdll.dll
0x00007ffec9470000 - 0x00007ffec951e000 	C:\Windows\System32\KERNEL32.DLL
0x00007ffec89f0000 - 0x00007ffec8c39000 	C:\Windows\System32\KERNELBASE.dll
0x00007ffec8c40000 - 0x00007ffec8d36000 	C:\Windows\System32\ucrtbase.dll
0x00007ffeb0e00000 - 0x00007ffeb0e1a000 	C:\Program Files\Java\jdk-17.0.2\bin\VCRUNTIME140.dll
0x00007ffeb11a0000 - 0x00007ffeb11b8000 	C:\Program Files\Java\jdk-17.0.2\bin\jli.dll
0x00007ffec9220000 - 0x00007ffec92c1000 	C:\Windows\System32\ADVAPI32.dll
0x00007ffec92d0000 - 0x00007ffec936d000 	C:\Windows\System32\msvcrt.dll
0x00007ffecb670000 - 0x00007ffecb6c9000 	C:\Windows\System32\sechost.dll
0x00007ffec9520000 - 0x00007ffec9645000 	C:\Windows\System32\RPCRT4.dll
0x00007ffec9650000 - 0x00007ffec979a000 	C:\Windows\System32\USER32.dll
0x00007ffec8d40000 - 0x00007ffec8d5e000 	C:\Windows\System32\win32u.dll
0x00007ffecb790000 - 0x00007ffecb7b7000 	C:\Windows\System32\GDI32.dll
0x00007ffec8e10000 - 0x00007ffec8f99000 	C:\Windows\System32\gdi32full.dll
0x00007ffec8130000 - 0x00007ffec81ca000 	C:\Windows\System32\msvcp_win.dll
0x00007ffec3290000 - 0x00007ffec329a000 	C:\Windows\SYSTEM32\VERSION.dll
0x00007ffeb3760000 - 0x00007ffeb39c7000 	C:\Windows\WinSxS\amd64_microsoft.windows.common-controls_6595b64144ccf1df_6.0.15063.0_none_108e4f62dfe5d999\COMCTL32.dll
0x00007ffecb910000 - 0x00007ffecbc09000 	C:\Windows\System32\combase.dll
0x00007ffec8980000 - 0x00007ffec89ea000 	C:\Windows\System32\bcryptPrimitives.dll
0x00007ffecb560000 - 0x00007ffecb58d000 	C:\Windows\System32\IMM32.DLL
0x00007ffeb8a30000 - 0x00007ffeb8a3c000 	C:\Program Files\Java\jdk-17.0.2\bin\vcruntime140_1.dll
0x00007ffe9de90000 - 0x00007ffe9df1d000 	C:\Program Files\Java\jdk-17.0.2\bin\msvcp140.dll
0x00007ffe78750000 - 0x00007ffe79311000 	C:\Program Files\Java\jdk-17.0.2\bin\server\jvm.dll
0x00007ffecb260000 - 0x00007ffecb268000 	C:\Windows\System32\PSAPI.DLL
0x00007ffec3e20000 - 0x00007ffec3e29000 	C:\Windows\SYSTEM32\WSOCK32.dll
0x00007ffec6630000 - 0x00007ffec6653000 	C:\Windows\SYSTEM32\WINMM.dll
0x00007ffecb1f0000 - 0x00007ffecb25c000 	C:\Windows\System32\WS2_32.dll
0x00007ffec65d0000 - 0x00007ffec65fb000 	C:\Windows\SYSTEM32\WINMMBASE.dll
0x00007ffec88d0000 - 0x00007ffec8919000 	C:\Windows\System32\cfgmgr32.dll
0x00007ffec80a0000 - 0x00007ffec80b1000 	C:\Windows\System32\kernel.appcore.dll
0x00007ffeb7b10000 - 0x00007ffeb7b1a000 	C:\Program Files\Java\jdk-17.0.2\bin\jimage.dll
0x00007ffec42d0000 - 0x00007ffec4479000 	C:\Windows\SYSTEM32\DBGHELP.DLL
0x00007ffeb7ee0000 - 0x00007ffeb7f09000 	C:\Windows\SYSTEM32\dbgcore.DLL
0x00007ffeb0bd0000 - 0x00007ffeb0bde000 	C:\Program Files\Java\jdk-17.0.2\bin\instrument.dll
0x00007ffeb0270000 - 0x00007ffeb0295000 	C:\Program Files\Java\jdk-17.0.2\bin\java.dll
0x00007ffe9c1c0000 - 0x00007ffe9c296000 	C:\Program Files\Java\jdk-17.0.2\bin\jsvml.dll
0x00007ffec97a0000 - 0x00007ffecabd7000 	C:\Windows\System32\SHELL32.dll
0x00007ffec9170000 - 0x00007ffec921a000 	C:\Windows\System32\shcore.dll
0x00007ffec81d0000 - 0x00007ffec88c2000 	C:\Windows\System32\windows.storage.dll
0x00007ffec9410000 - 0x00007ffec9461000 	C:\Windows\System32\shlwapi.dll
0x00007ffec80c0000 - 0x00007ffec810c000 	C:\Windows\System32\powrprof.dll
0x00007ffec8110000 - 0x00007ffec8125000 	C:\Windows\System32\profapi.dll
0x00007ffeaaa40000 - 0x00007ffeaaa58000 	C:\Program Files\Java\jdk-17.0.2\bin\zip.dll
0x00007ffeb0ab0000 - 0x00007ffeb0ac9000 	C:\Program Files\Java\jdk-17.0.2\bin\net.dll
0x00007ffeb9d30000 - 0x00007ffeb9e07000 	C:\Windows\SYSTEM32\WINHTTP.dll
0x00007ffec7930000 - 0x00007ffec798c000 	C:\Windows\system32\mswsock.dll
0x00007ffeb08b0000 - 0x00007ffeb08c6000 	C:\Program Files\Java\jdk-17.0.2\bin\nio.dll
0x00007ffe9e7e0000 - 0x00007ffe9e7fa000 	C:\Program Files\JetBrains\IntelliJ IDEA 2023.2.2\bin\breakgen64.dll
0x00007ffec7710000 - 0x00007ffec77b4000 	C:\Windows\SYSTEM32\DNSAPI.dll
0x00007ffecb270000 - 0x00007ffecb278000 	C:\Windows\System32\NSI.dll
0x00007ffec76d0000 - 0x00007ffec7707000 	C:\Windows\SYSTEM32\IPHLPAPI.DLL
0x00007ffeb8930000 - 0x00007ffeb893a000 	C:\Windows\System32\rasadhlp.dll
0x00007ffec1930000 - 0x00007ffec199b000 	C:\Windows\System32\fwpuclnt.dll
0x00007ffec7f50000 - 0x00007ffec7f75000 	C:\Windows\SYSTEM32\bcrypt.dll
0x00007ffeb02a0000 - 0x00007ffeb02a9000 	C:\Program Files\Java\jdk-17.0.2\bin\management.dll
0x00007ffeaa880000 - 0x00007ffeaa88b000 	C:\Program Files\Java\jdk-17.0.2\bin\management_ext.dll
0x00007ffec7ad0000 - 0x00007ffec7ae7000 	C:\Windows\SYSTEM32\CRYPTSP.dll
0x00007ffec7550000 - 0x00007ffec7584000 	C:\Windows\system32\rsaenh.dll
0x00007ffec7f80000 - 0x00007ffec7fa9000 	C:\Windows\SYSTEM32\USERENV.dll
0x00007ffec7af0000 - 0x00007ffec7afb000 	C:\Windows\SYSTEM32\CRYPTBASE.dll
0x00007ffec1c20000 - 0x00007ffec1c36000 	C:\Windows\SYSTEM32\dhcpcsvc6.DLL
0x00007ffec1d60000 - 0x00007ffec1d7a000 	C:\Windows\SYSTEM32\dhcpcsvc.DLL
0x00007ffeb20d0000 - 0x00007ffeb20e6000 	C:\Windows\system32\napinsp.dll
0x00007ffeb1ef0000 - 0x00007ffeb1f0a000 	C:\Windows\system32\pnrpnsp.dll
0x00007ffec4e20000 - 0x00007ffec4e38000 	C:\Windows\system32\NLAapi.dll
0x00007ffeb76d0000 - 0x00007ffeb76de000 	C:\Windows\System32\winrnr.dll
0x00007ffeb1cc0000 - 0x00007ffeb1cd5000 	C:\Windows\System32\wshbth.dll

dbghelp: loaded successfully - version: 4.0.5 - missing functions: none
symbol engine: initialized successfully - sym options: 0x614 - pdb path: .;C:\Program Files\Java\jdk-17.0.2\bin;C:\Windows\SYSTEM32;C:\Windows\WinSxS\amd64_microsoft.windows.common-controls_6595b64144ccf1df_6.0.15063.0_none_108e4f62dfe5d999;C:\Program Files\Java\jdk-17.0.2\bin\server;C:\Program Files\JetBrains\IntelliJ IDEA 2023.2.2\bin

VM Arguments:
jvm_args: -XX:TieredStopAtLevel=1 -Dspring.output.ansi.enabled=always -Dcom.sun.management.jmxremote -Dspring.jmx.enabled=true -Dspring.liveBeansView.mbeanDomain -Dspring.application.admin.enabled=true -Dmanagement.endpoints.jmx.exposure.include=* -javaagent:C:\Program Files\JetBrains\IntelliJ IDEA 2023.2.2\lib\idea_rt.jar=62200:C:\Program Files\JetBrains\IntelliJ IDEA 2023.2.2\bin -Dfile.encoding=UTF-8 
java_command: com.esprit.microservice.gestioncmmande.gestioncommande.GestioncommandeApplication
java_class_path (initial): C:\Users\Asus\Desktop\4eme\S1\Appwebdistr\gestioncommande\target\classes;C:\Users\Asus\.m2\repository\org\springframework\cloud\spring-cloud-starter-bootstrap\4.0.4\spring-cloud-starter-bootstrap-4.0.4.jar;C:\Users\Asus\.m2\repository\org\springframework\cloud\spring-cloud-starter\4.0.4\spring-cloud-starter-4.0.4.jar;C:\Users\Asus\.m2\repository\org\springframework\cloud\spring-cloud-context\4.0.4\spring-cloud-context-4.0.4.jar;C:\Users\Asus\.m2\repository\org\springframework\security\spring-security-crypto\6.1.5\spring-security-crypto-6.1.5.jar;C:\Users\Asus\.m2\repository\org\springframework\cloud\spring-cloud-commons\4.0.4\spring-cloud-commons-4.0.4.jar;C:\Users\Asus\.m2\repository\org\springframework\security\spring-security-rsa\1.0.12.RELEASE\spring-security-rsa-1.0.12.RELEASE.jar;C:\Users\Asus\.m2\repository\org\bouncycastle\bcpkix-jdk18on\1.73\bcpkix-jdk18on-1.73.jar;C:\Users\Asus\.m2\repository\org\bouncycastle\bcprov-jdk18on\1.73\bcprov-jdk18on-1.73.jar;C:\Users\Asus\.m2\repository\org\bouncycastle\bcutil-jdk18on\1.73\bcutil-jdk18on-1.73.jar;C:\Users\Asus\.m2\repository\org\springframework\boot\spring-boot-starter-actuator\3.1.5\spring-boot-starter-actuator-3.1.5.jar;C:\Users\Asus\.m2\repository\org\springframework\boot\spring-boot-starter\3.1.5\spring-boot-starter-3.1.5.jar;C:\Users\Asus\.m2\repository\org\springframework\boot\spring-boot\3.1.5\spring-boot-3.1.5.jar;C:\Users\Asus\.m2\repository\org\springframework\boot\spring-boot-autoconfigure\3.1.5\spring-boot-autoconfigure-3.1.5.jar;C:\Users\Asus\.m2\repository\org\springframework\boot\spring-boot-starter-logging\3.1.5\spring-boot-starter-logging-3.1.5.jar;C:\Users\Asus\.m2\repository\ch\qos\logback\logback-classic\1.4.11\logback-classic-1.4.11.jar;C:\Users\Asus\.m2\repository\ch\qos\logback\logback-core\1.4.11\logback-core-1.4.11.jar;C:\Users\Asus\.m2\repository\org\apache\logging\log4j\log4j-to-slf4j\2.20.0\log4j-to-slf4j-2.20.0.jar;C:\Users\Asus\.m2\repository\org\apache\
Launcher Type: SUN_STANDARD

[Global flags]
     intx CICompilerCount                          = 2                                         {product} {ergonomic}
     uint ConcGCThreads                            = 1                                         {product} {ergonomic}
     uint G1ConcRefinementThreads                  = 2                                         {product} {ergonomic}
   size_t G1HeapRegionSize                         = 1048576                                   {product} {ergonomic}
    uintx GCDrainStackTargetSize                   = 64                                        {product} {ergonomic}
   size_t InitialHeapSize                          = 65011712                                  {product} {ergonomic}
     bool ManagementServer                         = true                                      {product} {command line}
   size_t MarkStackSize                            = 4194304                                   {product} {ergonomic}
   size_t MaxHeapSize                              = 1027604480                                {product} {ergonomic}
   size_t MaxNewSize                               = 616562688                                 {product} {ergonomic}
   size_t MinHeapDeltaBytes                        = 1048576                                   {product} {ergonomic}
   size_t MinHeapSize                              = 8388608                                   {product} {ergonomic}
    uintx NonProfiledCodeHeapSize                  = 0                                      {pd product} {ergonomic}
     bool ProfileInterpreter                       = false                                  {pd product} {command line}
    uintx ProfiledCodeHeapSize                     = 0                                      {pd product} {ergonomic}
   size_t SoftMaxHeapSize                          = 1027604480                             {manageable} {ergonomic}
     intx TieredStopAtLevel                        = 1                                         {product} {command line}
     bool UseCompressedClassPointers               = true                           {product lp64_product} {ergonomic}
     bool UseCompressedOops                        = true                           {product lp64_product} {ergonomic}
     bool UseG1GC                                  = true                                      {product} {ergonomic}
     bool UseLargePagesIndividualAllocation        = false                                  {pd product} {ergonomic}

Logging:
Log output configuration:
 #0: stdout all=warning uptime,level,tags
 #1: stderr all=off uptime,level,tags

Environment Variables:
JAVA_HOME=C:\Program Files\Java\jdk-17.0.2
PATH=C:\Program Files\Common Files\Oracle\Java\javapath;C:\oraclexe\app\oracle\product\11.2.0\server\bin;C:\Windows\system32;C:\Windows;C:\Windows\System32\Wbem;C:\Windows\System32\WindowsPowerShell\v1.0\;C:\Program Files\Java\jdk-17.0.2\bin;C:\Program Files\Git\cmd;C:\Users\Asus\AppData\Roaming\nvm;C:\Program Files\nodejs;C:\Program Files\nodejs\;C:\Users\Asus\AppData\Local\Microsoft\WindowsApps;C:\Users\Asus\AppData\Local\Programs\Microsoft VS Code\bin;C:\Program Files\MongoDB\Server\4.0\bin;C:\Users\Asus\AppData\Roaming\nvm;C:\Program Files\nodejs;C:\Users\Asus\AppData\Roaming\npm
USERNAME=Asus
OS=Windows_NT
PROCESSOR_IDENTIFIER=Intel64 Family 6 Model 122 Stepping 1, GenuineIntel



---------------  S Y S T E M  ---------------

OS:
 Windows 10 , 64 bit Build 15063 (10.0.15063.296)
OS uptime: 0 days 18:15 hours

CPU: total 2 (initial active 2) (2 cores per cpu, 1 threads per core) family 6 model 122 stepping 1 microcode 0x32, cx8, cmov, fxsr, mmx, 3dnowpref, sse, sse2, sse3, ssse3, sse4.1, sse4.2, popcnt, tsc, tscinvbit, aes, erms, clmul, sha, clflush, clflushopt

Memory: 4k page, system-wide physical 3919M (421M free)
TotalPageFile size 8184M (AvailPageFile size 0M)
current process WorkingSet (physical memory assigned to process): 76M, peak: 76M
current process commit charge ("private bytes"): 146M, peak: 146M

vm_info: Java HotSpot(TM) 64-Bit Server VM (17.0.2+8-LTS-86) for windows-amd64 JRE (17.0.2+8-LTS-86), built on Dec  7 2021 21:51:03 by "mach5one" with MS VC++ 16.8 / 16.9 (VS2019)

END.
